#
# A fatal error has been detected by the Java Runtime Environment:
#
#  EXCEPTION_ACCESS_VIOLATION (0xc0000005) at pc=0x00007ffa7885cae5, pid=9152, tid=17472
#
# JRE version: Java(TM) SE Runtime Environment (22.0.2+9) (build 22.0.2+9-70)
# Java VM: Java HotSpot(TM) 64-Bit Server VM (22.0.2+9-70, mixed mode, sharing, tiered, compressed oops, compressed class ptrs, g1 gc, windows-amd64)
# Problematic frame:
# V  [jvm.dll+0x31cae5]
#
# No core dump will be written. Minidumps are not enabled by default on client versions of Windows
#
# If you would like to submit a bug report, please visit:
#   https://bugreport.java.com/bugreport/crash.jsp
#

---------------  S U M M A R Y ------------

Command Line: -Dcom.sun.management.jmxremote -Dcom.sun.management.jmxremote.port=53179 -Dcom.sun.management.jmxremote.authenticate=false -Dcom.sun.management.jmxremote.ssl=false -Dspring.jmx.enabled=true -Djava.rmi.server.hostname=localhost -Dspring.application.admin.enabled=true -Dspring.boot.project.name=spring-ecommerce -XX:+ShowCodeDetailsInExceptionMessages -Dmanagement.endpoints.jmx.exposure.include=* com.proyecto.ecommerce.spring_ecommerce.SpringEcommerceApplication

Host: AMD Ryzen 5 3600 6-Core Processor              , 12 cores, 15G,  Windows 11 , 64 bit Build 22621 (10.0.22621.3958)
Time: Thu Oct  3 18:06:15 2024 Hora estándar, América Central elapsed time: 40.520296 seconds (0d 0h 0m 40s)

---------------  T H R E A D  ---------------

Current thread (0x000001bbdfa39400):  WorkerThread "G1 Conc#2"      [id=17472, stack(0x0000000ee0700000,0x0000000ee0800000) (1024K)]

Stack: [0x0000000ee0700000,0x0000000ee0800000],  sp=0x0000000ee07ff360,  free space=1020k
Native frames: (J=compiled Java code, j=interpreted, Vv=VM code, C=native code)
V  [jvm.dll+0x31cae5]  (no source info available)
V  [jvm.dll+0x31c97f]  (no source info available)
V  [jvm.dll+0x31aaed]  (no source info available)
V  [jvm.dll+0x3337b2]  (no source info available)
V  [jvm.dll+0x3398c0]  (no source info available)
V  [jvm.dll+0x336151]  (no source info available)
V  [jvm.dll+0x337d0c]  (no source info available)
V  [jvm.dll+0x336a74]  (no source info available)
V  [jvm.dll+0x33a3d6]  (no source info available)
V  [jvm.dll+0x8a4bb7]  (no source info available)
V  [jvm.dll+0x81dc0b]  (no source info available)
V  [jvm.dll+0x6e0d85]  (no source info available)
C  [ucrtbase.dll+0x29333]  (no source info available)
C  [KERNEL32.DLL+0x1257d]  (no source info available)
C  [ntdll.dll+0x5af28]  (no source info available)


siginfo: EXCEPTION_ACCESS_VIOLATION (0xc0000005), reading address 0x000001c3f74da728


Registers:
RAX=0x000001bbf74f6780, RBX=0x000001bbf753fbf0, RCX=0x0000000000000015, RDX=0x0000000000000002
RSP=0x0000000ee07ff360, RBP=0x0000000000000002, RSI=0x000001bbf75233a0, RDI=0x0000000000002000
R8 =0x0000000000002000, R9 =0x00000000ffffc7f5, R10=0x000001bbf74cc490, R11=0x0000000000000003
R12=0x0000000000000001, R13=0x000001bbdfc3c1f8, R14=0x000001bbdfc3be01, R15=0x0000000ee07ff4e0
RIP=0x00007ffa7885cae5, EFLAGS=0x0000000000010216


Register to memory mapping:

RAX=0x000001bbf74f6780 points into unknown readable memory: 0x000001bbf72ea990 | 90 a9 2e f7 bb 01 00 00
RBX=0x000001bbf753fbf0 points into unknown readable memory: 0x00007ffa78f316b8 | b8 16 f3 78 fa 7f 00 00
RCX=0x0000000000000015 is an unknown value
RDX=0x0000000000000002 is an unknown value
RSP=0x0000000ee07ff360 points into unknown readable memory: 0x000001bbf753fbf0 | f0 fb 53 f7 bb 01 00 00
RBP=0x0000000000000002 is an unknown value
RSI=0x000001bbf75233a0 points into unknown readable memory: 0x000001bbf7533cd0 | d0 3c 53 f7 bb 01 00 00
RDI=0x0000000000002000 is an unknown value
R8 =0x0000000000002000 is an unknown value
R9 =0x00000000ffffc7f5 is an unknown value
R10=0x000001bbf74cc490 points into unknown readable memory: 0x00007ffa78f2fdb0 | b0 fd f2 78 fa 7f 00 00
R11=0x0000000000000003 is an unknown value
R12=0x0000000000000001 is an unknown value
R13=0x000001bbdfc3c1f8 points into unknown readable memory: 0x88000b009b372ef2 | f2 2e 37 9b 00 0b 00 88
R14=0x000001bbdfc3be01 points into unknown readable memory: cb 0f df 0e 00 00 00
R15=0x0000000ee07ff4e0 points into unknown readable memory: 0x000001bbf75233a0 | a0 33 52 f7 bb 01 00 00

Top of Stack: (sp=0x0000000ee07ff360)
0x0000000ee07ff360:   000001bbf753fbf0 0000000ee07ff400
0x0000000ee07ff370:   0000000701e48bd0 00007ffa7885c97f
0x0000000ee07ff380:   0000000000002000 00007ffa7885c97f
0x0000000ee07ff390:   000001bbf753fbf0 0000000ee07ff520
0x0000000ee07ff3a0:   0000000701e4af18 00007ffa7885a39d
0x0000000ee07ff3b0:   0000000ee07ff520 00007ffa7885aaed
0x0000000ee07ff3c0:   0000000701e49888 000001bbdfc3be01
0x0000000ee07ff3d0:   0000000ee07ff4e0 000001bbdfc3be01
0x0000000ee07ff3e0:   000001bb9a139650 00007ffa788737b2
0x0000000ee07ff3f0:   0000000000000402 0000000701e48f08
0x0000000ee07ff400:   0000000ee07ff520 0000000000000000
0x0000000ee07ff410:   000001bbf753fbf0 00007ffa788798c0
0x0000000ee07ff420:   0000000701e48f08 000001bbf75233b0
0x0000000ee07ff430:   0000000ee07ff4e0 000001bbf75233b0
0x0000000ee07ff440:   0000000701e48f08 00007ffa78876151
0x0000000ee07ff450:   00000000001091e1 0000000000000000
0x0000000ee07ff460:   0000000701e07af0 00007ffa788777e4
0x0000000ee07ff470:   0000000000140000 00007ffa78877d0c
0x0000000ee07ff480:   0000000701e48bd0 00000000001091e1
0x0000000ee07ff490:   0000000000000000 0000000000000000
0x0000000ee07ff4a0:   0000000000000000 000001bbdfc3be01
0x0000000ee07ff4b0:   000001bbf753fbf0 00007ffa78876a74
0x0000000ee07ff4c0:   000001bbf753fc88 aaaaaaaaaaaaaaab
0x0000000ee07ff4d0:   0000000000000000 0000000000000000
0x0000000ee07ff4e0:   000001bbf75233a0 000001bbf753fbf0
0x0000000ee07ff4f0:   0000000701e00000 0000000000040000
0x0000000ee07ff500:   0000000701e00000 0000000000040000
0x0000000ee07ff510:   0000000000000000 0000000000000000
0x0000000ee07ff520:   00007ffa78f316d8 000001bbff66ec10
0x0000000ee07ff530:   0000000000000003 000001bbf74cc490
0x0000000ee07ff540:   000001bbf753fbf0 00007ffa78bf16e3
0x0000000ee07ff550:   c215b08488000000 0000000000000000 

Instructions: (pc=0x00007ffa7885cae5)
0x00007ffa7885c9e5:   05 75 35 48 8b 83 a8 00 00 00 48 39 83 a0 00 00
0x00007ffa7885c9f5:   00 73 10 48 8b 83 c0 00 00 00 48 39 83 b8 00 00
0x00007ffa7885ca05:   00 72 7f 48 8b cb e8 d0 c0 01 00 b0 01 48 8b 5c
0x00007ffa7885ca15:   24 30 48 83 c4 20 5f c3 48 8b 53 30 44 8b 82 80
0x00007ffa7885ca25:   00 00 00 8b 82 00 01 00 00 41 8b c8 2b c8 81 e1
0x00007ffa7885ca35:   ff ff 01 00 81 f9 fe ff 01 00 72 2c 48 8b cb e8
0x00007ffa7885ca45:   a7 b4 01 00 48 8b 53 30 44 8b 82 80 00 00 00 8b
0x00007ffa7885ca55:   82 00 01 00 00 41 8b c8 2b c8 81 e1 ff ff 01 00
0x00007ffa7885ca65:   81 f9 fe ff 01 00 73 1a 48 8b 82 80 01 00 00 4a
0x00007ffa7885ca75:   89 3c c0 41 8d 40 01 25 ff ff 01 00 89 82 80 00
0x00007ffa7885ca85:   00 00 48 8b 5c 24 30 b0 01 48 83 c4 20 5f c3 cc
0x00007ffa7885ca95:   cc cc cc cc cc cc cc cc cc cc cc 48 89 6c 24 10
0x00007ffa7885caa5:   48 89 74 24 18 57 48 83 ec 20 4c 8b 51 08 48 8b
0x00007ffa7885cab5:   f1 4d 8b c8 8b ea 49 8b f8 41 8b 8a 18 02 00 00
0x00007ffa7885cac5:   49 8b 82 10 02 00 00 48 d3 e0 8b 0d eb 7e 92 00
0x00007ffa7885cad5:   4c 2b c8 49 8b 82 f8 01 00 00 49 d3 e9 45 8b c9
0x00007ffa7885cae5:   4a 8b 04 c8 48 8b 40 60 4c 3b c0 72 12 32 c0 48
0x00007ffa7885caf5:   8b 6c 24 38 48 8b 74 24 40 48 83 c4 20 5f c3 48
0x00007ffa7885cb05:   8b 46 10 48 8d 4e 10 48 8b d7 48 89 5c 24 30 ff
0x00007ffa7885cb15:   10 8b 4e 28 48 8b d7 48 2b 56 18 48 8b 46 30 48
0x00007ffa7885cb25:   c1 ea 03 48 d3 ea 48 8b ca 48 c1 e9 06 4c 8d 04
0x00007ffa7885cb35:   c8 0f b6 ca 49 8b 00 80 e1 3f ba 01 00 00 00 48
0x00007ffa7885cb45:   d3 e2 48 8b c8 48 0b ca 48 3b c8 74 12 f0 49 0f
0x00007ffa7885cb55:   b1 08 74 25 48 8b c8 48 0b ca 48 3b c8 75 ee 32
0x00007ffa7885cb65:   db 48 8b 6c 24 38 0f b6 c3 48 8b 5c 24 30 48 8b
0x00007ffa7885cb75:   74 24 40 48 83 c4 20 5f c3 80 3d a6 0c 8c 00 00
0x00007ffa7885cb85:   b3 01 74 15 8b 57 08 8b 0d 76 d3 91 00 48 d3 e2
0x00007ffa7885cb95:   48 03 15 64 d3 91 00 eb 04 48 8b 57 08 48 8b cf
0x00007ffa7885cba5:   e8 d6 21 eb ff 48 8b 8e b8 02 00 00 4c 8b d8 4c
0x00007ffa7885cbb5:   8b 0c e9 49 8b 51 18 8b 8a 18 02 00 00 4c 8b 82
0x00007ffa7885cbc5:   10 02 00 00 41 8b 51 60 49 d3 e0 8b 0d ea 7d 92
0x00007ffa7885cbd5:   00 49 2b f8 48 d3 ef 44 8b d7 49 23 d2 48 c1 e2 


Stack slot to memory mapping:

stack at sp + 0 slots: 0x000001bbf753fbf0 points into unknown readable memory: 0x00007ffa78f316b8 | b8 16 f3 78 fa 7f 00 00
stack at sp + 1 slots: 0x0000000ee07ff400 points into unknown readable memory: 0x0000000ee07ff520 | 20 f5 7f e0 0e 00 00 00
stack at sp + 2 slots: 0x0000000701e48bd0 is an oop: [B 
{0x0000000701e48bd0} - klass: {type array byte}
 - length: 37
 -   0: 52 R
 -   1: 65 e
 -   2: 71 q
 -   3: 75 u
 -   4: 65 e
 -   5: 73 s
 -   6: 74 t
 -   7: 65 e
 -   8: 64 d
 -   9: 20  
 -  10: 61 a
 -  11: 72 r
 -  12: 72 r
 -  13: 61 a
 -  14: 79 y
 -  15: 20  
 -  16: 73 s
 -  17: 69 i
 -  18: 7a z
 -  19: 65 e
 -  20: 20  
 -  21: 65 e
 -  22: 78 x
 -  23: 63 c
 -  24: 65 e
 -  25: 65 e
 -  26: 64 d
 -  27: 73 s
 -  28: 20  
 -  29: 56 V
 -  30: 4d M
 -  31: 20  
 -  32: 6c l
 -  33: 69 i
 -  34: 6d m
 -  35: 69 i
 -  36: 74 t
stack at sp + 3 slots: 0x00007ffa7885c97f jvm.dll
stack at sp + 4 slots: 0x0000000000002000 is an unknown value
stack at sp + 5 slots: 0x00007ffa7885c97f jvm.dll
stack at sp + 6 slots: 0x000001bbf753fbf0 points into unknown readable memory: 0x00007ffa78f316b8 | b8 16 f3 78 fa 7f 00 00
stack at sp + 7 slots: 0x0000000ee07ff520 points into unknown readable memory: 0x00007ffa78f316d8 | d8 16 f3 78 fa 7f 00 00


---------------  P R O C E S S  ---------------

Threads class SMR info:
_java_thread_list=0x000001bbe53de690, length=38, elements={
0x000001bbff698630, 0x000001bbff699440, 0x000001bbff69c060, 0x000001bbff69ec00,
0x000001bbff69fc40, 0x000001bbff6a07d0, 0x000001bbff6a8c40, 0x000001bb993f8090,
0x000001bb994f3d20, 0x000001bb9958ead0, 0x000001bb99c3d200, 0x000001bb99f8f230,
0x000001bb99af0ac0, 0x000001bb99dc4430, 0x000001bb99fd9a90, 0x000001bb99e2bd00,
0x000001bb99f6cf40, 0x000001bbdfc4e4f0, 0x000001bbe37cb1d0, 0x000001bbe37ccc10,
0x000001bbe37cdfc0, 0x000001bbe37d1ad0, 0x000001bbe37cd2a0, 0x000001bbe37cd930,
0x000001bbe37cf370, 0x000001bbe37cece0, 0x000001bbe37d0720, 0x000001bbe37d1440,
0x000001bbe37d0db0, 0x000001bbe37cab40, 0x000001bbe37d2160, 0x000001bbdfc51970,
0x000001bbe4c1b800, 0x000001bbe4c1c520, 0x000001bbe4c1b170, 0x000001bbe4c1cbb0,
0x000001bbe4c1aae0, 0x000001bbe4c1be90
}

Java Threads: ( => current thread )
  0x000001bbff698630 JavaThread "Reference Handler"          daemon [_thread_blocked, id=6532, stack(0x0000000ede600000,0x0000000ede700000) (1024K)]
  0x000001bbff699440 JavaThread "Finalizer"                  daemon [_thread_blocked, id=11072, stack(0x0000000ede700000,0x0000000ede800000) (1024K)]
  0x000001bbff69c060 JavaThread "Signal Dispatcher"          daemon [_thread_blocked, id=2440, stack(0x0000000ede800000,0x0000000ede900000) (1024K)]
  0x000001bbff69ec00 JavaThread "Attach Listener"            daemon [_thread_blocked, id=1560, stack(0x0000000ede900000,0x0000000edea00000) (1024K)]
  0x000001bbff69fc40 JavaThread "Service Thread"             daemon [_thread_blocked, id=2192, stack(0x0000000edea00000,0x0000000edeb00000) (1024K)]
  0x000001bbff6a07d0 JavaThread "Monitor Deflation Thread"   daemon [_thread_blocked, id=5680, stack(0x0000000edeb00000,0x0000000edec00000) (1024K)]
  0x000001bbff6a8c40 JavaThread "C2 CompilerThread0"         daemon [_thread_in_native, id=10244, stack(0x0000000edec00000,0x0000000eded00000) (1024K)]
  0x000001bb993f8090 JavaThread "C1 CompilerThread0"         daemon [_thread_blocked, id=9628, stack(0x0000000eded00000,0x0000000edee00000) (1024K)]
  0x000001bb994f3d20 JavaThread "Common-Cleaner"             daemon [_thread_blocked, id=2912, stack(0x0000000edee00000,0x0000000edef00000) (1024K)]
  0x000001bb9958ead0 JavaThread "Notification Thread"        daemon [_thread_blocked, id=7904, stack(0x0000000edef00000,0x0000000edf000000) (1024K)]
  0x000001bb99c3d200 JavaThread "RMI TCP Accept-0"           daemon [_thread_in_native, id=17412, stack(0x0000000edf200000,0x0000000edf300000) (1024K)]
  0x000001bb99f8f230 JavaThread "RMI TCP Accept-53179"       daemon [_thread_in_native, id=1080, stack(0x0000000edf300000,0x0000000edf400000) (1024K)]
  0x000001bb99af0ac0 JavaThread "RMI TCP Accept-0"           daemon [_thread_in_native, id=14288, stack(0x0000000edf400000,0x0000000edf500000) (1024K)]
  0x000001bb99dc4430 JavaThread "RMI TCP Connection(idle)"   daemon [_thread_blocked, id=11572, stack(0x0000000edf500000,0x0000000edf600000) (1024K)]
  0x000001bb99fd9a90 JavaThread "RMI Scheduler(0)"           daemon [_thread_blocked, id=17432, stack(0x0000000edf600000,0x0000000edf700000) (1024K)]
  0x000001bb99e2bd00 JavaThread "RMI TCP Connection(2)-127.0.0.1" daemon [_thread_in_native, id=16480, stack(0x0000000edf700000,0x0000000edf800000) (1024K)]
  0x000001bb99f6cf40 JavaThread "JMX server connection timeout 28" daemon [_thread_blocked, id=8904, stack(0x0000000edf800000,0x0000000edf900000) (1024K)]
  0x000001bbdfc4e4f0 JavaThread "WindowsStreamPump"          daemon [_thread_in_native, id=8808, stack(0x0000000ee0500000,0x0000000ee0600000) (1024K)]
  0x000001bbe37cb1d0 JavaThread "Catalina-utility-1"                [_thread_blocked, id=16528, stack(0x0000000ee0400000,0x0000000ee0500000) (1024K)]
  0x000001bbe37ccc10 JavaThread "Catalina-utility-2"                [_thread_blocked, id=16256, stack(0x0000000ee0800000,0x0000000ee0900000) (1024K)]
  0x000001bbe37cdfc0 JavaThread "container-0"                       [_thread_blocked, id=5660, stack(0x0000000ee0900000,0x0000000ee0a00000) (1024K)]
  0x000001bbe37d1ad0 JavaThread "mysql-cj-abandoned-connection-cleanup" daemon [_thread_blocked, id=5148, stack(0x0000000ee0a00000,0x0000000ee0b00000) (1024K)]
  0x000001bbe37cd2a0 JavaThread "HikariPool-1 housekeeper"   daemon [_thread_blocked, id=208, stack(0x0000000ee0c00000,0x0000000ee0d00000) (1024K)]
  0x000001bbe37cd930 JavaThread "File Watcher"               daemon [_thread_blocked, id=1988, stack(0x0000000ee0e00000,0x0000000ee0f00000) (1024K)]
  0x000001bbe37cf370 JavaThread "Live Reload Server"         daemon [_thread_in_native, id=11788, stack(0x0000000ee1000000,0x0000000ee1100000) (1024K)]
  0x000001bbe37cece0 JavaThread "http-nio-8080-exec-1"       daemon [_thread_blocked, id=14368, stack(0x0000000ee0f00000,0x0000000ee1000000) (1024K)]
  0x000001bbe37d0720 JavaThread "http-nio-8080-exec-2"       daemon [_thread_blocked, id=10200, stack(0x0000000ee1100000,0x0000000ee1200000) (1024K)]
  0x000001bbe37d1440 JavaThread "http-nio-8080-exec-3"       daemon [_thread_blocked, id=5288, stack(0x0000000ee1200000,0x0000000ee1300000) (1024K)]
  0x000001bbe37d0db0 JavaThread "http-nio-8080-exec-4"       daemon [_thread_blocked, id=7996, stack(0x0000000ee1300000,0x0000000ee1400000) (1024K)]
  0x000001bbe37cab40 JavaThread "http-nio-8080-exec-5"       daemon [_thread_blocked, id=14516, stack(0x0000000ee1400000,0x0000000ee1500000) (1024K)]
  0x000001bbe37d2160 JavaThread "http-nio-8080-exec-6"       daemon [_thread_blocked, id=6364, stack(0x0000000ee1500000,0x0000000ee1600000) (1024K)]
  0x000001bbdfc51970 JavaThread "http-nio-8080-exec-7"       daemon [_thread_blocked, id=4664, stack(0x0000000ee1600000,0x0000000ee1700000) (1024K)]
  0x000001bbe4c1b800 JavaThread "http-nio-8080-exec-8"       daemon [_thread_blocked, id=15156, stack(0x0000000ee1700000,0x0000000ee1800000) (1024K)]
  0x000001bbe4c1c520 JavaThread "http-nio-8080-exec-9"       daemon [_thread_blocked, id=1564, stack(0x0000000ee1800000,0x0000000ee1900000) (1024K)]
  0x000001bbe4c1b170 JavaThread "http-nio-8080-exec-10"      daemon [_thread_blocked, id=11532, stack(0x0000000ee1900000,0x0000000ee1a00000) (1024K)]
  0x000001bbe4c1cbb0 JavaThread "http-nio-8080-Poller"       daemon [_thread_in_native, id=5436, stack(0x0000000ee1a00000,0x0000000ee1b00000) (1024K)]
  0x000001bbe4c1aae0 JavaThread "http-nio-8080-Acceptor"     daemon [_thread_in_native, id=16212, stack(0x0000000ee1b00000,0x0000000ee1c00000) (1024K)]
  0x000001bbe4c1be90 JavaThread "DestroyJavaVM"                     [_thread_blocked, id=13912, stack(0x0000000edde00000,0x0000000eddf00000) (1024K)]
Total: 38

Other Threads:
  0x000001bbff682580 VMThread "VM Thread"                           [id=14996, stack(0x0000000ede500000,0x0000000ede600000) (1024K)]
  0x000001bbff66c1e0 WatcherThread "VM Periodic Task Thread"        [id=13316, stack(0x0000000ede400000,0x0000000ede500000) (1024K)]
  0x000001bbf7522ca0 WorkerThread "GC Thread#0"                     [id=4276, stack(0x0000000eddf00000,0x0000000ede000000) (1024K)]
  0x000001bbdf20bd60 WorkerThread "GC Thread#1"                     [id=11660, stack(0x0000000edf900000,0x0000000edfa00000) (1024K)]
  0x000001bbdf0fa5b0 WorkerThread "GC Thread#2"                     [id=13364, stack(0x0000000edfa00000,0x0000000edfb00000) (1024K)]
  0x000001bbdf2202f0 WorkerThread "GC Thread#3"                     [id=4908, stack(0x0000000edfb00000,0x0000000edfc00000) (1024K)]
  0x000001bbdf2206a0 WorkerThread "GC Thread#4"                     [id=8456, stack(0x0000000edfc00000,0x0000000edfd00000) (1024K)]
  0x000001bbdf136000 WorkerThread "GC Thread#5"                     [id=17556, stack(0x0000000edfd00000,0x0000000edfe00000) (1024K)]
  0x000001bb99e4b8f0 WorkerThread "GC Thread#6"                     [id=11384, stack(0x0000000edfe00000,0x0000000edff00000) (1024K)]
  0x000001bbdf1b3a80 WorkerThread "GC Thread#7"                     [id=10592, stack(0x0000000edff00000,0x0000000ee0000000) (1024K)]
  0x000001bb99f68900 WorkerThread "GC Thread#8"                     [id=8548, stack(0x0000000ee0000000,0x0000000ee0100000) (1024K)]
  0x000001bbdf1816f0 WorkerThread "GC Thread#9"                     [id=15304, stack(0x0000000ee0300000,0x0000000ee0400000) (1024K)]
  0x000001bbf7533cd0 ConcurrentGCThread "G1 Main Marker"            [id=11584, stack(0x0000000ede000000,0x0000000ede100000) (1024K)]
  0x000001bbf7534f80 WorkerThread "G1 Conc#0"                       [id=17748, stack(0x0000000ede100000,0x0000000ede200000) (1024K)]
  0x000001bbdff5f650 WorkerThread "G1 Conc#1"                       [id=17428, stack(0x0000000ee0600000,0x0000000ee0700000) (1024K)]
=>0x000001bbdfa39400 WorkerThread "G1 Conc#2"                       [id=17472, stack(0x0000000ee0700000,0x0000000ee0800000) (1024K)]
  0x000001bbff528b50 ConcurrentGCThread "G1 Refine#0"               [id=9708, stack(0x0000000ede200000,0x0000000ede300000) (1024K)]
  0x000001bbff5296d0 ConcurrentGCThread "G1 Service"                [id=13848, stack(0x0000000ede300000,0x0000000ede400000) (1024K)]
Total: 18

Threads with active compile tasks:
C2 CompilerThread0  40603 9417       4       jdk.jfr.internal.jfc.model.JFCModel::wireExpression (78 bytes)
Total: 1

VM state: not at safepoint (normal execution)

VM Mutex/Monitor currently owned by a thread: None

Heap address: 0x0000000701600000, size: 4074 MB, Compressed Oops mode: Zero based, Oop shift amount: 3

CDS archive(s) mapped at: [0x000001bb9a000000-0x000001bb9ac60000-0x000001bb9ac60000), size 12976128, SharedBaseAddress: 0x000001bb9a000000, ArchiveRelocationMode: 1.
Compressed class space mapped at: 0x000001bb9b000000-0x000001bbdb000000, reserved size: 1073741824
Narrow klass base: 0x000001bb9a000000, Narrow klass shift: 0, Narrow klass range: 0x41000000

GC Precious Log:
 CardTable entry size: 512
 Card Set container configuration: InlinePtr #cards 4 size 8 Array Of Cards #cards 16 size 48 Howl #buckets 8 coarsen threshold 3686 Howl Bitmap #cards 512 size 80 coarsen threshold 460 Card regions per heap region 1 cards per card region 4096
 CPUs: 12 total, 12 available
 Memory: 16293M
 Large Page Support: Disabled
 NUMA Support: Disabled
 Compressed Oops: Enabled (Zero based)
 Heap Region Size: 2M
 Heap Min Capacity: 8M
 Heap Initial Capacity: 256M
 Heap Max Capacity: 4074M
 Pre-touch: Disabled
 Parallel Workers: 10
 Concurrent Workers: 3
 Concurrent Refinement Workers: 10
 Periodic GC: Disabled

Heap:
 garbage-first heap   total reserved 4171776K, committed 92160K, used 57631K [0x0000000701600000, 0x0000000800000000)
  region size 2048K, 9 young (18432K), 1 survivors (2048K)
 Metaspace       used 84968K, committed 85888K, reserved 1179648K
  class space    used 11533K, committed 11968K, reserved 1048576K

Heap Regions: E=young(eden), S=young(survivor), O=old, HS=humongous(starts), HC=humongous(continues), CS=collection set, F=free, TAMS=top-at-mark-start, PB=parsable bottom
|   0|0x0000000701600000, 0x0000000701800000, 0x0000000701800000|100%| O|  |TAMS 0x0000000701800000| PB 0x0000000701600000| Untracked |  0
|   1|0x0000000701800000, 0x0000000701a00000, 0x0000000701a00000|100%| O|  |TAMS 0x0000000701a00000| PB 0x0000000701800000| Untracked |  0
|   2|0x0000000701a00000, 0x0000000701c00000, 0x0000000701c00000|100%| O|  |TAMS 0x0000000701c00000| PB 0x0000000701a00000| Untracked |  0
|   3|0x0000000701c00000, 0x0000000701e00000, 0x0000000701e00000|100%| O|  |TAMS 0x0000000701e00000| PB 0x0000000701c00000| Untracked |  0
|   4|0x0000000701e00000, 0x0000000702000000, 0x0000000702000000|100%| O|  |TAMS 0x0000000702000000| PB 0x0000000701e00000| Untracked |  0
|   5|0x0000000702000000, 0x0000000702200000, 0x0000000702200000|100%| O|  |TAMS 0x0000000702200000| PB 0x0000000702000000| Untracked |  0
|   6|0x0000000702200000, 0x0000000702400000, 0x0000000702400000|100%| O|  |TAMS 0x0000000702400000| PB 0x0000000702200000| Untracked |  0
|   7|0x0000000702400000, 0x0000000702600000, 0x0000000702600000|100%| O|  |TAMS 0x0000000702600000| PB 0x0000000702400000| Untracked |  0
|   8|0x0000000702600000, 0x0000000702800000, 0x0000000702800000|100%| O|  |TAMS 0x0000000702641370| PB 0x0000000702600000| Untracked |  0
|   9|0x0000000702800000, 0x0000000702a00000, 0x0000000702a00000|100%| O|  |TAMS 0x0000000702a00000| PB 0x0000000702800000| Untracked |  0
|  10|0x0000000702a00000, 0x0000000702c00000, 0x0000000702c00000|100%| O|  |TAMS 0x0000000702c00000| PB 0x0000000702a00000| Untracked |  0
|  11|0x0000000702c00000, 0x0000000702e00000, 0x0000000702e00000|100%| O|  |TAMS 0x0000000702e00000| PB 0x0000000702c00000| Untracked |  0
|  12|0x0000000702e00000, 0x0000000703000000, 0x0000000703000000|100%| O|  |TAMS 0x0000000703000000| PB 0x0000000702e00000| Untracked |  0
|  13|0x0000000703000000, 0x0000000703200000, 0x0000000703200000|100%| O|  |TAMS 0x0000000703200000| PB 0x0000000703000000| Untracked |  0
|  14|0x0000000703200000, 0x0000000703400000, 0x0000000703400000|100%| O|  |TAMS 0x0000000703400000| PB 0x0000000703200000| Untracked |  0
|  15|0x0000000703400000, 0x0000000703600000, 0x0000000703600000|100%| O|  |TAMS 0x0000000703600000| PB 0x0000000703400000| Untracked |  0
|  16|0x0000000703600000, 0x0000000703800000, 0x0000000703800000|100%| O|  |TAMS 0x0000000703600000| PB 0x0000000703600000| Untracked |  0
|  17|0x0000000703800000, 0x0000000703a00000, 0x0000000703a00000|100%| O|  |TAMS 0x0000000703a00000| PB 0x0000000703800000| Untracked |  0
|  18|0x0000000703a00000, 0x0000000703c00000, 0x0000000703c00000|100%| O|  |TAMS 0x0000000703c00000| PB 0x0000000703a00000| Untracked |  0
|  19|0x0000000703c00000, 0x0000000703e00000, 0x0000000703e00000|100%| O|  |TAMS 0x0000000703e00000| PB 0x0000000703c00000| Untracked |  0
|  20|0x0000000703e00000, 0x0000000703f6c350, 0x0000000704000000| 71%| O|  |TAMS 0x0000000703e00000| PB 0x0000000703e00000| Untracked |  0
|  21|0x0000000704000000, 0x0000000704000000, 0x0000000704200000|  0%| F|  |TAMS 0x0000000704000000| PB 0x0000000704000000| Untracked |  0
|  22|0x0000000704200000, 0x0000000704200000, 0x0000000704400000|  0%| F|  |TAMS 0x0000000704200000| PB 0x0000000704200000| Untracked |  0
|  23|0x0000000704400000, 0x0000000704400000, 0x0000000704600000|  0%| F|  |TAMS 0x0000000704400000| PB 0x0000000704400000| Untracked |  0
|  24|0x0000000704600000, 0x0000000704600000, 0x0000000704800000|  0%| F|  |TAMS 0x0000000704600000| PB 0x0000000704600000| Untracked |  0
|  25|0x0000000704800000, 0x0000000704800000, 0x0000000704a00000|  0%| F|  |TAMS 0x0000000704800000| PB 0x0000000704800000| Untracked |  0
|  26|0x0000000704a00000, 0x0000000704a00000, 0x0000000704c00000|  0%| F|  |TAMS 0x0000000704a00000| PB 0x0000000704a00000| Untracked |  0
|  27|0x0000000704c00000, 0x0000000704cdbbc0, 0x0000000704e00000| 42%| S|CS|TAMS 0x0000000704c00000| PB 0x0000000704c00000| Complete |  0
|  28|0x0000000704e00000, 0x0000000704e00000, 0x0000000705000000|  0%| F|  |TAMS 0x0000000704e00000| PB 0x0000000704e00000| Untracked |  0
|  29|0x0000000705000000, 0x0000000705000000, 0x0000000705200000|  0%| F|  |TAMS 0x0000000705000000| PB 0x0000000705000000| Untracked |  0
|  30|0x0000000705200000, 0x0000000705200000, 0x0000000705400000|  0%| F|  |TAMS 0x0000000705200000| PB 0x0000000705200000| Untracked |  0
|  31|0x0000000705400000, 0x0000000705400000, 0x0000000705600000|  0%| F|  |TAMS 0x0000000705400000| PB 0x0000000705400000| Untracked |  0
|  32|0x0000000705600000, 0x0000000705600000, 0x0000000705800000|  0%| F|  |TAMS 0x0000000705600000| PB 0x0000000705600000| Untracked |  0
|  33|0x0000000705800000, 0x0000000705800000, 0x0000000705a00000|  0%| F|  |TAMS 0x0000000705800000| PB 0x0000000705800000| Untracked |  0
|  34|0x0000000705a00000, 0x0000000705a00000, 0x0000000705c00000|  0%| F|  |TAMS 0x0000000705a00000| PB 0x0000000705a00000| Untracked |  0
|  35|0x0000000705c00000, 0x0000000705c00000, 0x0000000705e00000|  0%| F|  |TAMS 0x0000000705c00000| PB 0x0000000705c00000| Untracked |  0
|  36|0x0000000705e00000, 0x0000000705e00000, 0x0000000706000000|  0%| F|  |TAMS 0x0000000705e00000| PB 0x0000000705e00000| Untracked |  0
|  37|0x0000000706000000, 0x00000007061a9b90, 0x0000000706200000| 83%| E|  |TAMS 0x0000000706000000| PB 0x0000000706000000| Complete |  0
|  38|0x0000000706200000, 0x0000000706400000, 0x0000000706400000|100%| E|CS|TAMS 0x0000000706200000| PB 0x0000000706200000| Complete |  0
|  39|0x0000000706400000, 0x0000000706600000, 0x0000000706600000|100%| E|CS|TAMS 0x0000000706400000| PB 0x0000000706400000| Complete |  0
|  40|0x0000000706600000, 0x0000000706800000, 0x0000000706800000|100%| E|CS|TAMS 0x0000000706600000| PB 0x0000000706600000| Complete |  0
|  41|0x0000000706800000, 0x0000000706a00000, 0x0000000706a00000|100%| E|CS|TAMS 0x0000000706800000| PB 0x0000000706800000| Complete |  0
|  42|0x0000000706a00000, 0x0000000706c00000, 0x0000000706c00000|100%| E|CS|TAMS 0x0000000706a00000| PB 0x0000000706a00000| Complete |  0
|  43|0x0000000706c00000, 0x0000000706e00000, 0x0000000706e00000|100%| E|CS|TAMS 0x0000000706c00000| PB 0x0000000706c00000| Complete |  0
| 127|0x0000000711400000, 0x0000000711600000, 0x0000000711600000|100%| E|CS|TAMS 0x0000000711400000| PB 0x0000000711400000| Complete |  0

Card table byte_map: [0x000001bbfa1d0000,0x000001bbfa9d0000] _byte_map_base: 0x000001bbf69c5000

Marking Bits: (CMBitMap*) 0x000001bbf75233b0
 Bits: [0x000001bbfa9d0000, 0x000001bbfe978000)

Polling page: 0x000001bbf8d10000

Metaspace:

Usage:
  Non-class:     71.71 MB used.
      Class:     11.26 MB used.
       Both:     82.98 MB used.

Virtual space:
  Non-class space:      128.00 MB reserved,      72.19 MB ( 56%) committed,  2 nodes.
      Class space:        1.00 GB reserved,      11.69 MB (  1%) committed,  1 nodes.
             Both:        1.12 GB reserved,      83.88 MB (  7%) committed. 

Chunk freelists:
   Non-Class:  6.89 MB
       Class:  4.29 MB
        Both:  11.18 MB

MaxMetaspaceSize: unlimited
CompressedClassSpaceSize: 1.00 GB
Initial GC threshold: 21.00 MB
Current GC threshold: 127.19 MB
CDS: on
 - commit_granule_bytes: 65536.
 - commit_granule_words: 8192.
 - virtual_space_node_default_size: 8388608.
 - enlarge_chunks_in_place: 1.
 - use_allocation_guard: 0.


Internal statistics:

num_allocs_failed_limit: 9.
num_arena_births: 1282.
num_arena_deaths: 0.
num_vsnodes_births: 3.
num_vsnodes_deaths: 0.
num_space_committed: 1342.
num_space_uncommitted: 0.
num_chunks_returned_to_freelist: 9.
num_chunks_taken_from_freelist: 4216.
num_chunk_merges: 6.
num_chunk_splits: 2988.
num_chunks_enlarged: 2293.
num_inconsistent_stats: 0.

CodeHeap 'non-profiled nmethods': size=120000Kb used=5742Kb max_used=5813Kb free=114257Kb
 bounds [0x000001bb8fd60000, 0x000001bb90310000, 0x000001bb97290000]
CodeHeap 'profiled nmethods': size=120000Kb used=15048Kb max_used=15048Kb free=104951Kb
 bounds [0x000001bb88290000, 0x000001bb89150000, 0x000001bb8f7c0000]
CodeHeap 'non-nmethods': size=5760Kb used=1821Kb max_used=1867Kb free=3938Kb
 bounds [0x000001bb8f7c0000, 0x000001bb8fa30000, 0x000001bb8fd60000]
 total_blobs=8771 nmethods=7951 adapters=724
 compilation: enabled
              stopped_count=0, restarted_count=0
 full_count=0

Compilation events (20 events):
Event: 39.894 Thread 0x000001bb993f8090 9368       3       java.io.ObjectOutputStream$HandleTable::clear (27 bytes)
Event: 39.894 Thread 0x000001bb993f8090 nmethod 9368 0x000001bb89126c90 code [0x000001bb89126e60, 0x000001bb891272b0]
Event: 39.941 Thread 0x000001bb993f8090 9369       3       org.apache.tomcat.util.net.NioEndpoint$NioSocketWrapper::interestOpsHas (16 bytes)
Event: 39.942 Thread 0x000001bb993f8090 nmethod 9369 0x000001bb89127490 code [0x000001bb89127620, 0x000001bb891277a8]
Event: 40.492 Thread 0x000001bbff6a8c40 9370 %     4       jdk.internal.util.xml.impl.Parser::comm @ 19 (252 bytes)
Event: 40.497 Thread 0x000001bb993f8090 9371       3       java.lang.Class::getDeclaredField (54 bytes)
Event: 40.498 Thread 0x000001bb993f8090 nmethod 9371 0x000001bb89127890 code [0x000001bb89127b40, 0x000001bb891286a0]
Event: 40.498 Thread 0x000001bb993f8090 9373       3       javax.management.openmbean.CompositeDataSupport::makeMap (155 bytes)
Event: 40.498 Thread 0x000001bb993f8090 nmethod 9373 0x000001bb89128b90 code [0x000001bb89128e40, 0x000001bb89129a20]
Event: 40.498 Thread 0x000001bb993f8090 9372       3       javax.management.openmbean.CompositeDataSupport::<init> (11 bytes)
Event: 40.498 Thread 0x000001bb993f8090 nmethod 9372 0x000001bb89129f10 code [0x000001bb8912a0c0, 0x000001bb8912a250]
Event: 40.498 Thread 0x000001bb993f8090 9375       1       java.lang.management.MemoryUsage::getInit (5 bytes)
Event: 40.498 Thread 0x000001bb993f8090 nmethod 9375 0x000001bb901ae610 code [0x000001bb901ae7a0, 0x000001bb901ae868]
Event: 40.500 Thread 0x000001bb993f8090 9376       3       java.util.regex.Pattern::bitsOrSingle (106 bytes)
Event: 40.501 Thread 0x000001bb993f8090 nmethod 9376 0x000001bb8912a310 code [0x000001bb8912a500, 0x000001bb8912aab8]
Event: 40.502 Thread 0x000001bb993f8090 9377       3       jdk.internal.util.xml.impl.Parser::xml (968 bytes)
Event: 40.505 Thread 0x000001bb993f8090 nmethod 9377 0x000001bb8912ac10 code [0x000001bb8912b260, 0x000001bb8912e810]
Event: 40.505 Thread 0x000001bb993f8090 9378       3       java.nio.MappedByteBuffer::position (6 bytes)
Event: 40.505 Thread 0x000001bb993f8090 nmethod 9378 0x000001bb8912f710 code [0x000001bb8912f8c0, 0x000001bb8912fad0]
Event: 40.506 Thread 0x000001bb993f8090 9379 %     3       java.util.ComparableTimSort::binarySort @ 72 (223 bytes)

GC Heap History (20 events):
Event: 5.741 GC heap before
{Heap before GC invocations=13 (full 0):
 garbage-first heap   total reserved 4171776K, committed 75776K, used 63803K [0x0000000701600000, 0x0000000800000000)
  region size 2048K, 19 young (38912K), 2 survivors (4096K)
 Metaspace       used 67337K, committed 68032K, reserved 1114112K
  class space    used 9072K, committed 9344K, reserved 1048576K
}
Event: 5.745 GC heap after
{Heap after GC invocations=14 (full 0):
 garbage-first heap   total reserved 4171776K, committed 75776K, used 30739K [0x0000000701600000, 0x0000000800000000)
  region size 2048K, 2 young (4096K), 2 survivors (4096K)
 Metaspace       used 67337K, committed 68032K, reserved 1114112K
  class space    used 9072K, committed 9344K, reserved 1048576K
}
Event: 6.458 GC heap before
{Heap before GC invocations=14 (full 0):
 garbage-first heap   total reserved 4171776K, committed 75776K, used 61459K [0x0000000701600000, 0x0000000800000000)
  region size 2048K, 18 young (36864K), 2 survivors (4096K)
 Metaspace       used 71093K, committed 71872K, reserved 1114112K
  class space    used 9587K, committed 9920K, reserved 1048576K
}
Event: 6.462 GC heap after
{Heap after GC invocations=15 (full 0):
 garbage-first heap   total reserved 4171776K, committed 75776K, used 32917K [0x0000000701600000, 0x0000000800000000)
  region size 2048K, 3 young (6144K), 3 survivors (6144K)
 Metaspace       used 71093K, committed 71872K, reserved 1114112K
  class space    used 9587K, committed 9920K, reserved 1048576K
}
Event: 6.774 GC heap before
{Heap before GC invocations=15 (full 0):
 garbage-first heap   total reserved 4171776K, committed 75776K, used 59541K [0x0000000701600000, 0x0000000800000000)
  region size 2048K, 17 young (34816K), 3 survivors (6144K)
 Metaspace       used 72196K, committed 72960K, reserved 1114112K
  class space    used 9727K, committed 10048K, reserved 1048576K
}
Event: 6.777 GC heap after
{Heap after GC invocations=16 (full 0):
 garbage-first heap   total reserved 4171776K, committed 75776K, used 34760K [0x0000000701600000, 0x0000000800000000)
  region size 2048K, 3 young (6144K), 3 survivors (6144K)
 Metaspace       used 72196K, committed 72960K, reserved 1114112K
  class space    used 9727K, committed 10048K, reserved 1048576K
}
Event: 7.082 GC heap before
{Heap before GC invocations=16 (full 0):
 garbage-first heap   total reserved 4171776K, committed 75776K, used 61384K [0x0000000701600000, 0x0000000800000000)
  region size 2048K, 16 young (32768K), 3 survivors (6144K)
 Metaspace       used 73682K, committed 74496K, reserved 1114112K
  class space    used 9949K, committed 10304K, reserved 1048576K
}
Event: 7.086 GC heap after
{Heap after GC invocations=17 (full 0):
 garbage-first heap   total reserved 4171776K, committed 75776K, used 36600K [0x0000000701600000, 0x0000000800000000)
  region size 2048K, 2 young (4096K), 2 survivors (4096K)
 Metaspace       used 73682K, committed 74496K, reserved 1114112K
  class space    used 9949K, committed 10304K, reserved 1048576K
}
Event: 7.371 GC heap before
{Heap before GC invocations=18 (full 0):
 garbage-first heap   total reserved 4171776K, committed 75776K, used 63224K [0x0000000701600000, 0x0000000800000000)
  region size 2048K, 15 young (30720K), 2 survivors (4096K)
 Metaspace       used 74619K, committed 75456K, reserved 1114112K
  class space    used 10131K, committed 10496K, reserved 1048576K
}
Event: 7.374 GC heap after
{Heap after GC invocations=19 (full 0):
 garbage-first heap   total reserved 4171776K, committed 75776K, used 38520K [0x0000000701600000, 0x0000000800000000)
  region size 2048K, 2 young (4096K), 2 survivors (4096K)
 Metaspace       used 74619K, committed 75456K, reserved 1114112K
  class space    used 10131K, committed 10496K, reserved 1048576K
}
Event: 9.872 GC heap before
{Heap before GC invocations=19 (full 0):
 garbage-first heap   total reserved 4171776K, committed 75776K, used 63096K [0x0000000701600000, 0x0000000800000000)
  region size 2048K, 15 young (30720K), 2 survivors (4096K)
 Metaspace       used 76741K, committed 77568K, reserved 1179648K
  class space    used 10470K, committed 10816K, reserved 1048576K
}
Event: 9.877 GC heap after
{Heap after GC invocations=20 (full 0):
 garbage-first heap   total reserved 4171776K, committed 92160K, used 39457K [0x0000000701600000, 0x0000000800000000)
  region size 2048K, 1 young (2048K), 1 survivors (2048K)
 Metaspace       used 76741K, committed 77568K, reserved 1179648K
  class space    used 10470K, committed 10816K, reserved 1048576K
}
Event: 15.551 GC heap before
{Heap before GC invocations=20 (full 0):
 garbage-first heap   total reserved 4171776K, committed 92160K, used 80417K [0x0000000701600000, 0x0000000800000000)
  region size 2048K, 22 young (45056K), 1 survivors (2048K)
 Metaspace       used 77315K, committed 78144K, reserved 1179648K
  class space    used 10525K, committed 10880K, reserved 1048576K
}
Event: 15.554 GC heap after
{Heap after GC invocations=21 (full 0):
 garbage-first heap   total reserved 4171776K, committed 92160K, used 40063K [0x0000000701600000, 0x0000000800000000)
  region size 2048K, 2 young (4096K), 2 survivors (4096K)
 Metaspace       used 77315K, committed 78144K, reserved 1179648K
  class space    used 10525K, committed 10880K, reserved 1048576K
}
Event: 22.132 GC heap before
{Heap before GC invocations=22 (full 0):
 garbage-first heap   total reserved 4171776K, committed 92160K, used 76927K [0x0000000701600000, 0x0000000800000000)
  region size 2048K, 21 young (43008K), 2 survivors (4096K)
 Metaspace       used 81374K, committed 82240K, reserved 1179648K
  class space    used 11097K, committed 11456K, reserved 1048576K
}
Event: 22.135 GC heap after
{Heap after GC invocations=23 (full 0):
 garbage-first heap   total reserved 4171776K, committed 92160K, used 40337K [0x0000000701600000, 0x0000000800000000)
  region size 2048K, 2 young (4096K), 2 survivors (4096K)
 Metaspace       used 81374K, committed 82240K, reserved 1179648K
  class space    used 11097K, committed 11456K, reserved 1048576K
}
Event: 30.496 GC heap before
{Heap before GC invocations=23 (full 0):
 garbage-first heap   total reserved 4171776K, committed 92160K, used 77201K [0x0000000701600000, 0x0000000800000000)
  region size 2048K, 21 young (43008K), 2 survivors (4096K)
 Metaspace       used 84873K, committed 85824K, reserved 1179648K
  class space    used 11529K, committed 11968K, reserved 1048576K
}
Event: 30.501 GC heap after
{Heap after GC invocations=24 (full 0):
 garbage-first heap   total reserved 4171776K, committed 92160K, used 42878K [0x0000000701600000, 0x0000000800000000)
  region size 2048K, 3 young (6144K), 3 survivors (6144K)
 Metaspace       used 84873K, committed 85824K, reserved 1179648K
  class space    used 11529K, committed 11968K, reserved 1048576K
}
Event: 40.493 GC heap before
{Heap before GC invocations=24 (full 0):
 garbage-first heap   total reserved 4171776K, committed 92160K, used 75646K [0x0000000701600000, 0x0000000800000000)
  region size 2048K, 20 young (40960K), 3 survivors (6144K)
 Metaspace       used 84931K, committed 85888K, reserved 1179648K
  class space    used 11531K, committed 11968K, reserved 1048576K
}
Event: 40.496 GC heap after
{Heap after GC invocations=25 (full 0):
 garbage-first heap   total reserved 4171776K, committed 92160K, used 43295K [0x0000000701600000, 0x0000000800000000)
  region size 2048K, 1 young (2048K), 1 survivors (2048K)
 Metaspace       used 84931K, committed 85888K, reserved 1179648K
  class space    used 11531K, committed 11968K, reserved 1048576K
}

Dll operation events (12 events):
Event: 0.006 Loaded shared library C:\Program Files\Java\jdk-22\bin\java.dll
Event: 0.031 Loaded shared library C:\Program Files\Java\jdk-22\bin\jsvml.dll
Event: 0.096 Loaded shared library C:\Program Files\Java\jdk-22\bin\jimage.dll
Event: 0.101 Loaded shared library C:\Program Files\Java\jdk-22\bin\net.dll
Event: 0.102 Loaded shared library C:\Program Files\Java\jdk-22\bin\nio.dll
Event: 0.105 Loaded shared library C:\Program Files\Java\jdk-22\bin\zip.dll
Event: 0.153 Loaded shared library C:\Program Files\Java\jdk-22\bin\management.dll
Event: 0.163 Loaded shared library C:\Program Files\Java\jdk-22\bin\management_ext.dll
Event: 0.379 Loaded shared library C:\Program Files\Java\jdk-22\bin\extnet.dll
Event: 0.987 Loaded shared library C:\Program Files\Java\jdk-22\bin\le.dll
Event: 1.285 Loaded shared library C:\Program Files\Java\jdk-22\bin\sunmscapi.dll
Event: 4.042 Loaded shared library C:\Program Files\Java\jdk-22\bin\verify.dll

Deoptimization events (20 events):
Event: 22.380 Thread 0x000001bbe37cece0 DEOPT PACKING pc=0x000001bb8fee75a4 sp=0x0000000ee0ffc430
Event: 22.380 Thread 0x000001bbe37cece0 DEOPT UNPACKING pc=0x000001bb8f8146a2 sp=0x0000000ee0ffc3d0 mode 2
Event: 22.381 Thread 0x000001bbe37cece0 Uncommon trap: trap_request=0xffffff45 fr.pc=0x000001bb8fe99920 relative=0x0000000000000100
Event: 22.381 Thread 0x000001bbe37cece0 Uncommon trap: reason=unstable_if action=reinterpret pc=0x000001bb8fe99920 method=java.lang.CharacterDataLatin1.digit(II)I @ 12 c2
Event: 22.381 Thread 0x000001bbe37cece0 DEOPT PACKING pc=0x000001bb8fe99920 sp=0x0000000ee0ffbe90
Event: 22.381 Thread 0x000001bbe37cece0 DEOPT UNPACKING pc=0x000001bb8f8146a2 sp=0x0000000ee0ffbd48 mode 2
Event: 22.390 Thread 0x000001bbe37cece0 Uncommon trap: trap_request=0xffffff45 fr.pc=0x000001bb8ffef278 relative=0x00000000000001b8
Event: 22.390 Thread 0x000001bbe37cece0 Uncommon trap: reason=unstable_if action=reinterpret pc=0x000001bb8ffef278 method=java.util.regex.Pattern$BmpCharProperty.match(Ljava/util/regex/Matcher;ILjava/lang/CharSequence;)Z @ 39 c2
Event: 22.390 Thread 0x000001bbe37cece0 DEOPT PACKING pc=0x000001bb8ffef278 sp=0x0000000ee0ffbee0
Event: 22.390 Thread 0x000001bbe37cece0 DEOPT UNPACKING pc=0x000001bb8f8146a2 sp=0x0000000ee0ffbe80 mode 2
Event: 22.401 Thread 0x000001bbe37cece0 Uncommon trap: trap_request=0xffffff45 fr.pc=0x000001bb8fe99d60 relative=0x00000000000000c0
Event: 22.401 Thread 0x000001bbe37cece0 Uncommon trap: reason=unstable_if action=reinterpret pc=0x000001bb8fe99d60 method=java.lang.CharacterDataLatin1.digit(II)I @ 12 c2
Event: 22.401 Thread 0x000001bbe37cece0 DEOPT PACKING pc=0x000001bb8fe99d60 sp=0x0000000ee0ffbe30
Event: 22.401 Thread 0x000001bbe37cece0 DEOPT UNPACKING pc=0x000001bb8f8146a2 sp=0x0000000ee0ffbda8 mode 2
Event: 22.498 Thread 0x000001bbe37cab40 Uncommon trap: trap_request=0xffffff45 fr.pc=0x000001bb90270a2c relative=0x0000000000000f8c
Event: 22.498 Thread 0x000001bbe37cab40 Uncommon trap: reason=unstable_if action=reinterpret pc=0x000001bb90270a2c method=java.util.concurrent.ConcurrentHashMap.putVal(Ljava/lang/Object;Ljava/lang/Object;Z)Ljava/lang/Object; @ 97 c2
Event: 22.498 Thread 0x000001bbe37cab40 DEOPT PACKING pc=0x000001bb90270a2c sp=0x0000000ee14fcd10
Event: 22.498 Thread 0x000001bbe37cab40 DEOPT UNPACKING pc=0x000001bb8f8146a2 sp=0x0000000ee14fcca8 mode 2
Event: 22.753 Thread 0x000001bbe37cece0 DEOPT PACKING pc=0x000001bb88f1d6d2 sp=0x0000000ee0ffd110
Event: 22.753 Thread 0x000001bbe37cece0 DEOPT UNPACKING pc=0x000001bb8f814e42 sp=0x0000000ee0ffc620 mode 0

Classes loaded (20 events):
Event: 22.480 Loading class java/util/ArrayList$SubList$2
Event: 22.480 Loading class java/util/ArrayList$SubList$2 done
Event: 22.487 Loading class java/time/format/DateTimeFormatterBuilder$ZoneTextPrinterParser
Event: 22.487 Loading class java/time/format/DateTimeFormatterBuilder$ZoneTextPrinterParser done
Event: 22.487 Loading class java/time/format/DateTimeFormatterBuilder$ReducedPrinterParser
Event: 22.487 Loading class java/time/format/DateTimeFormatterBuilder$ReducedPrinterParser done
Event: 22.498 Loading class java/util/concurrent/locks/ReentrantReadWriteLock$Sync$HoldCounter
Event: 22.498 Loading class java/util/concurrent/locks/ReentrantReadWriteLock$Sync$HoldCounter done
Event: 22.742 Loading class java/util/stream/ReferencePipeline$4
Event: 22.742 Loading class java/util/stream/ReferencePipeline$4 done
Event: 22.742 Loading class java/util/function/IntBinaryOperator
Event: 22.742 Loading class java/util/function/IntBinaryOperator done
Event: 22.742 Loading class java/util/stream/ReduceOps$7
Event: 22.742 Loading class java/util/stream/ReduceOps$7 done
Event: 22.742 Loading class java/util/stream/ReduceOps$6ReducingSink
Event: 22.742 Loading class java/util/stream/ReduceOps$6ReducingSink done
Event: 22.742 Loading class java/util/stream/ReferencePipeline$4$1
Event: 22.742 Loading class java/util/stream/ReferencePipeline$4$1 done
Event: 22.746 Loading class java/lang/Throwable$WrappedPrintWriter
Event: 22.746 Loading class java/lang/Throwable$WrappedPrintWriter done

Classes unloaded (0 events):
No events

Classes redefined (0 events):
No events

Internal exceptions (20 events):
Event: 40.490 Thread 0x000001bb99e2bd00 Exception <a 'java/lang/ClassNotFoundException'{0x00000007051ca8b0}: org/springframework/boot/actuate/endpoint/jmx/EndpointMBean> (0x00000007051ca8b0) 
thrown [s\open\src\hotspot\share\classfile\systemDictionary.cpp, line 313]
Event: 40.490 Thread 0x000001bb99e2bd00 Exception <a 'java/lang/ClassNotFoundException'{0x00000007051cac80}: org/springframework/boot/actuate/endpoint/jmx/DataEndpointMBean> (0x00000007051cac80) 
thrown [s\open\src\hotspot\share\classfile\systemDictionary.cpp, line 313]
Event: 40.490 Thread 0x000001bb99e2bd00 Exception <a 'java/lang/ClassNotFoundException'{0x00000007051cb048}: org/springframework/context/support/LiveBeansView> (0x00000007051cb048) 
thrown [s\open\src\hotspot\share\classfile\systemDictionary.cpp, line 313]
Event: 40.490 Thread 0x000001bb99e2bd00 Exception <a 'java/lang/ClassNotFoundException'{0x00000007051cb418}: org/springframework/boot/actuate/endpoint/jmx/EndpointMBean> (0x00000007051cb418) 
thrown [s\open\src\hotspot\share\classfile\systemDictionary.cpp, line 313]
Event: 40.490 Thread 0x000001bb99e2bd00 Exception <a 'java/lang/ClassNotFoundException'{0x00000007051cb7e8}: org/springframework/boot/actuate/endpoint/jmx/DataEndpointMBean> (0x00000007051cb7e8) 
thrown [s\open\src\hotspot\share\classfile\systemDictionary.cpp, line 313]
Event: 40.490 Thread 0x000001bb99e2bd00 Exception <a 'java/lang/ClassNotFoundException'{0x00000007051cbbb0}: org/springframework/context/support/LiveBeansView> (0x00000007051cbbb0) 
thrown [s\open\src\hotspot\share\classfile\systemDictionary.cpp, line 313]
Event: 40.490 Thread 0x000001bb99e2bd00 Exception <a 'java/lang/ClassNotFoundException'{0x00000007051cbf80}: org/springframework/boot/actuate/endpoint/jmx/EndpointMBean> (0x00000007051cbf80) 
thrown [s\open\src\hotspot\share\classfile\systemDictionary.cpp, line 313]
Event: 40.490 Thread 0x000001bb99e2bd00 Exception <a 'java/lang/ClassNotFoundException'{0x00000007051cc350}: org/springframework/boot/actuate/endpoint/jmx/DataEndpointMBean> (0x00000007051cc350) 
thrown [s\open\src\hotspot\share\classfile\systemDictionary.cpp, line 313]
Event: 40.490 Thread 0x000001bb99e2bd00 Exception <a 'java/lang/ClassNotFoundException'{0x00000007051cc718}: org/springframework/context/support/LiveBeansView> (0x00000007051cc718) 
thrown [s\open\src\hotspot\share\classfile\systemDictionary.cpp, line 313]
Event: 40.490 Thread 0x000001bb99e2bd00 Exception <a 'java/lang/ClassNotFoundException'{0x00000007051ccac8}: org/springframework/boot/actuate/endpoint/jmx/EndpointMBean> (0x00000007051ccac8) 
thrown [s\open\src\hotspot\share\classfile\systemDictionary.cpp, line 313]
Event: 40.490 Thread 0x000001bb99e2bd00 Exception <a 'java/lang/ClassNotFoundException'{0x00000007051cce78}: org/springframework/boot/actuate/endpoint/jmx/DataEndpointMBean> (0x00000007051cce78) 
thrown [s\open\src\hotspot\share\classfile\systemDictionary.cpp, line 313]
Event: 40.490 Thread 0x000001bb99e2bd00 Exception <a 'java/lang/ClassNotFoundException'{0x00000007051cd220}: org/springframework/context/support/LiveBeansView> (0x00000007051cd220) 
thrown [s\open\src\hotspot\share\classfile\systemDictionary.cpp, line 313]
Event: 40.490 Thread 0x000001bb99e2bd00 Exception <a 'java/lang/ClassNotFoundException'{0x00000007051cd5e8}: org/springframework/boot/actuate/endpoint/jmx/EndpointMBean> (0x00000007051cd5e8) 
thrown [s\open\src\hotspot\share\classfile\systemDictionary.cpp, line 313]
Event: 40.490 Thread 0x000001bb99e2bd00 Exception <a 'java/lang/ClassNotFoundException'{0x00000007051cd9b0}: org/springframework/boot/actuate/endpoint/jmx/DataEndpointMBean> (0x00000007051cd9b0) 
thrown [s\open\src\hotspot\share\classfile\systemDictionary.cpp, line 313]
Event: 40.490 Thread 0x000001bb99e2bd00 Exception <a 'java/lang/ClassNotFoundException'{0x00000007051cdd70}: org/springframework/context/support/LiveBeansView> (0x00000007051cdd70) 
thrown [s\open\src\hotspot\share\classfile\systemDictionary.cpp, line 313]
Event: 40.490 Thread 0x000001bb99e2bd00 Exception <a 'java/lang/ClassNotFoundException'{0x00000007051ce128}: org/springframework/boot/actuate/endpoint/jmx/EndpointMBean> (0x00000007051ce128) 
thrown [s\open\src\hotspot\share\classfile\systemDictionary.cpp, line 313]
Event: 40.490 Thread 0x000001bb99e2bd00 Exception <a 'java/lang/ClassNotFoundException'{0x00000007051ce4e0}: org/springframework/boot/actuate/endpoint/jmx/DataEndpointMBean> (0x00000007051ce4e0) 
thrown [s\open\src\hotspot\share\classfile\systemDictionary.cpp, line 313]
Event: 40.490 Thread 0x000001bb99e2bd00 Exception <a 'java/lang/ClassNotFoundException'{0x00000007051ce890}: org/springframework/context/support/LiveBeansView> (0x00000007051ce890) 
thrown [s\open\src\hotspot\share\classfile\systemDictionary.cpp, line 313]
Event: 40.499 Thread 0x000001bb99e2bd00 Exception <a 'java/lang/ClassNotFoundException'{0x00000007114ff440}: org/springframework/boot/actuate/endpoint/jmx/EndpointMBean> (0x00000007114ff440) 
thrown [s\open\src\hotspot\share\classfile\systemDictionary.cpp, line 313]
Event: 40.504 Thread 0x000001bb99e2bd00 Exception <a 'java/lang/ClassNotFoundException'{0x0000000706dc4db0}: org/springframework/boot/actuate/endpoint/jmx/DataEndpointMBean> (0x0000000706dc4db0) 
thrown [s\open\src\hotspot\share\classfile\systemDictionary.cpp, line 313]

ZGC Phase Switch (0 events):
No events

VM Operations (20 events):
Event: 22.132 Executing VM operation: G1CollectForAllocation (G1 Evacuation Pause)
Event: 22.135 Executing VM operation: G1CollectForAllocation (G1 Evacuation Pause) done
Event: 22.144 Executing VM operation: HandshakeAllThreads (Deoptimize)
Event: 22.144 Executing VM operation: HandshakeAllThreads (Deoptimize) done
Event: 22.409 Executing VM operation: HandshakeAllThreads (Deoptimize)
Event: 22.409 Executing VM operation: HandshakeAllThreads (Deoptimize) done
Event: 22.760 Executing VM operation: HandshakeAllThreads (Deoptimize)
Event: 22.760 Executing VM operation: HandshakeAllThreads (Deoptimize) done
Event: 23.766 Executing VM operation: Cleanup
Event: 23.766 Executing VM operation: Cleanup done
Event: 25.789 Executing VM operation: Cleanup
Event: 25.789 Executing VM operation: Cleanup done
Event: 30.496 Executing VM operation: G1CollectForAllocation (G1 Evacuation Pause)
Event: 30.501 Executing VM operation: G1CollectForAllocation (G1 Evacuation Pause) done
Event: 31.511 Executing VM operation: Cleanup
Event: 31.511 Executing VM operation: Cleanup done
Event: 35.545 Executing VM operation: Cleanup
Event: 35.545 Executing VM operation: Cleanup done
Event: 40.493 Executing VM operation: G1CollectForAllocation (G1 Evacuation Pause)
Event: 40.496 Executing VM operation: G1CollectForAllocation (G1 Evacuation Pause) done

Memory protections (0 events):
No events

Nmethod flushes (20 events):
Event: 15.581 Thread 0x000001bbff682580 flushing  nmethod 0x000001bb886a4a90
Event: 15.581 Thread 0x000001bbff682580 flushing  nmethod 0x000001bb886a6590
Event: 15.581 Thread 0x000001bbff682580 flushing  nmethod 0x000001bb886aa890
Event: 15.581 Thread 0x000001bbff682580 flushing  nmethod 0x000001bb8877f690
Event: 15.581 Thread 0x000001bbff682580 flushing  nmethod 0x000001bb887dc310
Event: 15.581 Thread 0x000001bbff682580 flushing  nmethod 0x000001bb88854490
Event: 15.581 Thread 0x000001bbff682580 flushing  nmethod 0x000001bb888ea310
Event: 15.581 Thread 0x000001bbff682580 flushing  nmethod 0x000001bb88933f90
Event: 15.581 Thread 0x000001bbff682580 flushing  nmethod 0x000001bb88bb8590
Event: 15.581 Thread 0x000001bbff682580 flushing  nmethod 0x000001bb88c3cb10
Event: 15.581 Thread 0x000001bbff682580 flushing  nmethod 0x000001bb88c3d510
Event: 15.581 Thread 0x000001bbff682580 flushing  nmethod 0x000001bb88c90a90
Event: 15.581 Thread 0x000001bbff682580 flushing  nmethod 0x000001bb88cb0890
Event: 15.581 Thread 0x000001bbff682580 flushing  nmethod 0x000001bb88dda010
Event: 15.581 Thread 0x000001bbff682580 flushing  nmethod 0x000001bb88ddc090
Event: 15.581 Thread 0x000001bbff682580 flushing  nmethod 0x000001bb88de2d90
Event: 15.581 Thread 0x000001bbff682580 flushing  nmethod 0x000001bb88de3110
Event: 15.581 Thread 0x000001bbff682580 flushing  nmethod 0x000001bb88ea4510
Event: 15.581 Thread 0x000001bbff682580 flushing  nmethod 0x000001bb88ea5e10
Event: 15.581 Thread 0x000001bbff682580 flushing  nmethod 0x000001bb88f90110

Events (20 events):
Event: 7.524 Thread 0x000001bbdfc505c0 Thread added: 0x000001bbe4c1aae0
Event: 7.551 Thread 0x000001bbdfc505c0 Thread exited: 0x000001bbdfc505c0
Event: 7.553 Thread 0x000001bbdfc50c50 Thread exited: 0x000001bbdfc50c50
Event: 7.554 Thread 0x000001bbf74ac370 Thread exited: 0x000001bbf74ac370
Event: 7.554 Thread 0x000001bbe4c1be90 Thread added: 0x000001bbe4c1be90
Event: 8.018 Thread 0x000001bb99bec200 Thread exited: 0x000001bb99bec200
Event: 8.020 Thread 0x000001bb995a7520 Thread exited: 0x000001bb995a7520
Event: 9.800 Thread 0x000001bb993f8090 Thread added: 0x000001bbe3176350
Event: 9.800 Thread 0x000001bb993f8090 Thread added: 0x000001bbe31777c0
Event: 10.162 Thread 0x000001bbe37cfa00 Thread exited: 0x000001bbe37cfa00
Event: 10.483 Thread 0x000001bbe31777c0 Thread exited: 0x000001bbe31777c0
Event: 10.484 Thread 0x000001bbe3176350 Thread exited: 0x000001bbe3176350
Event: 10.499 Thread 0x000001bb993f8090 Thread added: 0x000001bbe3178560
Event: 13.537 Thread 0x000001bbe3178560 Thread exited: 0x000001bbe3178560
Event: 20.510 Thread 0x000001bb993f8090 Thread added: 0x000001bbe3176350
Event: 20.670 Thread 0x000001bbe3176350 Thread exited: 0x000001bbe3176350
Event: 21.965 Thread 0x000001bb993f8090 Thread added: 0x000001bbe3178c30
Event: 21.965 Thread 0x000001bb993f8090 Thread added: 0x000001bbe3176a20
Event: 25.341 Thread 0x000001bbe3176a20 Thread exited: 0x000001bbe3176a20
Event: 25.341 Thread 0x000001bbe3178c30 Thread exited: 0x000001bbe3178c30


Dynamic libraries:
0x00007ff7d61d0000 - 0x00007ff7d61e0000 	C:\Program Files\Java\jdk-22\bin\java.exe
0x00007ffb0dc90000 - 0x00007ffb0dea7000 	C:\WINDOWS\SYSTEM32\ntdll.dll
0x00007ffb0c7f0000 - 0x00007ffb0c8b4000 	C:\WINDOWS\System32\KERNEL32.DLL
0x00007ffb0b340000 - 0x00007ffb0b6ed000 	C:\WINDOWS\System32\KERNELBASE.dll
0x00007ffb0b220000 - 0x00007ffb0b331000 	C:\WINDOWS\System32\ucrtbase.dll
0x00007ffa9fe20000 - 0x00007ffa9fe37000 	C:\Program Files\Java\jdk-22\bin\jli.dll
0x00007ffa9faf0000 - 0x00007ffa9fb0b000 	C:\Program Files\Java\jdk-22\bin\VCRUNTIME140.dll
0x00007ffb0c4b0000 - 0x00007ffb0c65e000 	C:\WINDOWS\System32\USER32.dll
0x00007ffaf75b0000 - 0x00007ffaf7843000 	C:\WINDOWS\WinSxS\amd64_microsoft.windows.common-controls_6595b64144ccf1df_6.0.22621.3672_none_2713b9d173822955\COMCTL32.dll
0x00007ffb0b150000 - 0x00007ffb0b176000 	C:\WINDOWS\System32\win32u.dll
0x00007ffb0c400000 - 0x00007ffb0c4a7000 	C:\WINDOWS\System32\msvcrt.dll
0x00007ffb0d6f0000 - 0x00007ffb0d719000 	C:\WINDOWS\System32\GDI32.dll
0x00007ffb0afb0000 - 0x00007ffb0b0c9000 	C:\WINDOWS\System32\gdi32full.dll
0x00007ffb0b920000 - 0x00007ffb0b9ba000 	C:\WINDOWS\System32\msvcp_win.dll
0x00007ffb0c7b0000 - 0x00007ffb0c7e1000 	C:\WINDOWS\System32\IMM32.DLL
0x00007ffaed660000 - 0x00007ffaed66c000 	C:\Program Files\Java\jdk-22\bin\vcruntime140_1.dll
0x00007ffa79290000 - 0x00007ffa7931e000 	C:\Program Files\Java\jdk-22\bin\msvcp140.dll
0x00007ffa78540000 - 0x00007ffa79289000 	C:\Program Files\Java\jdk-22\bin\server\jvm.dll
0x00007ffb0c6f0000 - 0x00007ffb0c7a2000 	C:\WINDOWS\System32\ADVAPI32.dll
0x00007ffb0d7b0000 - 0x00007ffb0d859000 	C:\WINDOWS\System32\sechost.dll
0x00007ffb0b1f0000 - 0x00007ffb0b218000 	C:\WINDOWS\System32\bcrypt.dll
0x00007ffb0d420000 - 0x00007ffb0d534000 	C:\WINDOWS\System32\RPCRT4.dll
0x00007ffb0d860000 - 0x00007ffb0d8d1000 	C:\WINDOWS\System32\WS2_32.dll
0x00007ffb0acd0000 - 0x00007ffb0ad1d000 	C:\WINDOWS\SYSTEM32\POWRPROF.dll
0x00007ffb02e90000 - 0x00007ffb02ec4000 	C:\WINDOWS\SYSTEM32\WINMM.dll
0x00007ffb05240000 - 0x00007ffb0524a000 	C:\WINDOWS\SYSTEM32\VERSION.dll
0x00007ffb0abe0000 - 0x00007ffb0abf3000 	C:\WINDOWS\SYSTEM32\UMPDC.dll
0x00007ffb0a000000 - 0x00007ffb0a018000 	C:\WINDOWS\SYSTEM32\kernel.appcore.dll
0x00007ffae6670000 - 0x00007ffae667a000 	C:\Program Files\Java\jdk-22\bin\jimage.dll
0x00007ffb01670000 - 0x00007ffb018a2000 	C:\WINDOWS\SYSTEM32\DBGHELP.DLL
0x00007ffb0cbf0000 - 0x00007ffb0cf7e000 	C:\WINDOWS\System32\combase.dll
0x00007ffb0c250000 - 0x00007ffb0c327000 	C:\WINDOWS\System32\OLEAUT32.dll
0x00007ffaf84d0000 - 0x00007ffaf8502000 	C:\WINDOWS\SYSTEM32\dbgcore.DLL
0x00007ffb0b0d0000 - 0x00007ffb0b14b000 	C:\WINDOWS\System32\bcryptPrimitives.dll
0x00007ffa9eda0000 - 0x00007ffa9edbe000 	C:\Program Files\Java\jdk-22\bin\java.dll
0x00007ffb0b9c0000 - 0x00007ffb0c227000 	C:\WINDOWS\System32\SHELL32.dll
0x00007ffb0da40000 - 0x00007ffb0dbe5000 	C:\WINDOWS\System32\ole32.dll
0x00007ffb08f30000 - 0x00007ffb0982f000 	C:\WINDOWS\SYSTEM32\windows.storage.dll
0x00007ffb08df0000 - 0x00007ffb08f2f000 	C:\WINDOWS\SYSTEM32\wintypes.dll
0x00007ffb0d940000 - 0x00007ffb0da39000 	C:\WINDOWS\System32\SHCORE.dll
0x00007ffb0d8e0000 - 0x00007ffb0d93e000 	C:\WINDOWS\System32\shlwapi.dll
0x00007ffb0aee0000 - 0x00007ffb0af07000 	C:\WINDOWS\SYSTEM32\profapi.dll
0x00007ffa78460000 - 0x00007ffa78537000 	C:\Program Files\Java\jdk-22\bin\jsvml.dll
0x00007ffae22c0000 - 0x00007ffae22d0000 	C:\Program Files\Java\jdk-22\bin\net.dll
0x00007ffb0a470000 - 0x00007ffb0a4d9000 	C:\WINDOWS\system32\mswsock.dll
0x00007ffa9ed80000 - 0x00007ffa9ed96000 	C:\Program Files\Java\jdk-22\bin\nio.dll
0x00007ffa884d0000 - 0x00007ffa884e7000 	C:\Program Files\Java\jdk-22\bin\zip.dll
0x00007ffae1fa0000 - 0x00007ffae1faa000 	C:\Program Files\Java\jdk-22\bin\management.dll
0x00007ffae1f00000 - 0x00007ffae1f0b000 	C:\Program Files\Java\jdk-22\bin\management_ext.dll
0x00007ffb0c8c0000 - 0x00007ffb0c8c8000 	C:\WINDOWS\System32\PSAPI.DLL
0x00007ffaecad0000 - 0x00007ffaecae7000 	C:\WINDOWS\system32\napinsp.dll
0x00007ffaecab0000 - 0x00007ffaecacb000 	C:\WINDOWS\system32\pnrpnsp.dll
0x00007ffb09b00000 - 0x00007ffb09bf8000 	C:\WINDOWS\SYSTEM32\DNSAPI.dll
0x00007ffb09a90000 - 0x00007ffb09abd000 	C:\WINDOWS\SYSTEM32\IPHLPAPI.DLL
0x00007ffb0d410000 - 0x00007ffb0d419000 	C:\WINDOWS\System32\NSI.dll
0x00007ffaeca90000 - 0x00007ffaecaa1000 	C:\WINDOWS\System32\winrnr.dll
0x00007ffaeca70000 - 0x00007ffaeca85000 	C:\WINDOWS\system32\wshbth.dll
0x00007ffaec9d0000 - 0x00007ffaec9f7000 	C:\WINDOWS\system32\nlansp_c.dll
0x00007ffaf7170000 - 0x00007ffaf717a000 	C:\Windows\System32\rasadhlp.dll
0x00007ffb05a50000 - 0x00007ffb05ad3000 	C:\WINDOWS\System32\fwpuclnt.dll
0x00007ffb0a6d0000 - 0x00007ffb0a6eb000 	C:\WINDOWS\SYSTEM32\CRYPTSP.dll
0x00007ffb09f60000 - 0x00007ffb09f95000 	C:\WINDOWS\system32\rsaenh.dll
0x00007ffb0a560000 - 0x00007ffb0a588000 	C:\WINDOWS\SYSTEM32\USERENV.dll
0x00007ffb0a6c0000 - 0x00007ffb0a6cc000 	C:\WINDOWS\SYSTEM32\CRYPTBASE.dll
0x00007ffae1ea0000 - 0x00007ffae1ea9000 	C:\Program Files\Java\jdk-22\bin\extnet.dll
0x00007ffae11d0000 - 0x00007ffae11db000 	C:\Program Files\Java\jdk-22\bin\le.dll
0x00007ffae0810000 - 0x00007ffae081e000 	C:\Program Files\Java\jdk-22\bin\sunmscapi.dll
0x00007ffb0b6f0000 - 0x00007ffb0b856000 	C:\WINDOWS\System32\CRYPT32.dll
0x00007ffb0a8d0000 - 0x00007ffb0a8fe000 	C:\WINDOWS\SYSTEM32\ncrypt.dll
0x00007ffb0a890000 - 0x00007ffb0a8c7000 	C:\WINDOWS\SYSTEM32\NTASN1.dll
0x00007ffade2a0000 - 0x00007ffade2b0000 	C:\Program Files\Java\jdk-22\bin\verify.dll
0x00007ffb072c0000 - 0x00007ffb072c8000 	C:\WINDOWS\system32\wshunix.dll

dbghelp: loaded successfully - version: 4.0.5 - missing functions: none
symbol engine: initialized successfully - sym options: 0x614 - pdb path: .;C:\Program Files\Java\jdk-22\bin;C:\WINDOWS\SYSTEM32;C:\WINDOWS\WinSxS\amd64_microsoft.windows.common-controls_6595b64144ccf1df_6.0.22621.3672_none_2713b9d173822955;C:\Program Files\Java\jdk-22\bin\server

VM Arguments:
jvm_args: -Dcom.sun.management.jmxremote -Dcom.sun.management.jmxremote.port=53179 -Dcom.sun.management.jmxremote.authenticate=false -Dcom.sun.management.jmxremote.ssl=false -Dspring.jmx.enabled=true -Djava.rmi.server.hostname=localhost -Dspring.application.admin.enabled=true -Dspring.boot.project.name=spring-ecommerce -XX:+ShowCodeDetailsInExceptionMessages -Dmanagement.endpoints.jmx.exposure.include=* 
java_command: com.proyecto.ecommerce.spring_ecommerce.SpringEcommerceApplication
java_class_path (initial): D:\Users\Julio\Desktop\JAVA\Spring\spring-ecommerce\target\classes;C:\Users\Julio\.m2\repository\org\springframework\boot\spring-boot-starter-actuator\3.3.4\spring-boot-starter-actuator-3.3.4.jar;C:\Users\Julio\.m2\repository\org\springframework\boot\spring-boot-starter\3.3.4\spring-boot-starter-3.3.4.jar;C:\Users\Julio\.m2\repository\org\springframework\boot\spring-boot-starter-logging\3.3.4\spring-boot-starter-logging-3.3.4.jar;C:\Users\Julio\.m2\repository\ch\qos\logback\logback-classic\1.5.8\logback-classic-1.5.8.jar;C:\Users\Julio\.m2\repository\ch\qos\logback\logback-core\1.5.8\logback-core-1.5.8.jar;C:\Users\Julio\.m2\repository\org\apache\logging\log4j\log4j-to-slf4j\2.23.1\log4j-to-slf4j-2.23.1.jar;C:\Users\Julio\.m2\repository\org\apache\logging\log4j\log4j-api\2.23.1\log4j-api-2.23.1.jar;C:\Users\Julio\.m2\repository\org\slf4j\jul-to-slf4j\2.0.16\jul-to-slf4j-2.0.16.jar;C:\Users\Julio\.m2\repository\jakarta\annotation\jakarta.annotation-api\2.1.1\jakarta.annotation-api-2.1.1.jar;C:\Users\Julio\.m2\repository\org\yaml\snakeyaml\2.2\snakeyaml-2.2.jar;C:\Users\Julio\.m2\repository\org\springframework\boot\spring-boot-actuator-autoconfigure\3.3.4\spring-boot-actuator-autoconfigure-3.3.4.jar;C:\Users\Julio\.m2\repository\org\springframework\boot\spring-boot-actuator\3.3.4\spring-boot-actuator-3.3.4.jar;C:\Users\Julio\.m2\repository\com\fasterxml\jackson\core\jackson-databind\2.17.2\jackson-databind-2.17.2.jar;C:\Users\Julio\.m2\repository\com\fasterxml\jackson\core\jackson-annotations\2.17.2\jackson-annotations-2.17.2.jar;C:\Users\Julio\.m2\repository\com\fasterxml\jackson\core\jackson-core\2.17.2\jackson-core-2.17.2.jar;C:\Users\Julio\.m2\repository\com\fasterxml\jackson\datatype\jackson-datatype-jsr310\2.17.2\jackson-datatype-jsr310-2.17.2.jar;C:\Users\Julio\.m2\repository\io\micrometer\micrometer-observation\1.13.4\micrometer-observation-1.13.4.jar;C:\Users\Julio\.m2\repository\io\micrometer\micrometer-commons\1.13.4\micrometer-commons-1.13.4.jar;C:\Users\Julio\.m2\repository\io\micrometer\micrometer-jakarta9\1.13.4\micrometer-jakarta9-1.13.4.jar;C:\Users\Julio\.m2\repository\io\micrometer\micrometer-core\1.13.4\micrometer-core-1.13.4.jar;C:\Users\Julio\.m2\repository\org\hdrhistogram\HdrHistogram\2.2.2\HdrHistogram-2.2.2.jar;C:\Users\Julio\.m2\repository\org\latencyutils\LatencyUtils\2.0.3\LatencyUtils-2.0.3.jar;C:\Users\Julio\.m2\repository\org\springframework\boot\spring-boot-starter-data-jpa\3.3.4\spring-boot-starter-data-jpa-3.3.4.jar;C:\Users\Julio\.m2\repository\org\springframework\boot\spring-boot-starter-aop\3.3.4\spring-boot-starter-aop-3.3.4.jar;C:\Users\Julio\.m2\repository\org\springframework\spring-aop\6.1.13\spring-aop-6.1.13.jar;C:\Users\Julio\.m2\repository\org\aspectj\aspectjweaver\1.9.22.1\aspectjweaver-1.9.22.1.jar;C:\Users\Julio\.m2\repository\org\springframework\boot\spring-boot-starter-jdbc\3.3.4\spring-boot-starter-jdbc-3.3.4.jar;C:\Users\Julio\.m2\repository\com\zaxxer\HikariCP\5.1.0\HikariCP-5.1.0.jar;C:\Users\Julio\.m2\repository\org\springframework\spring-jdbc\6.1.13\spring-jdbc-6.1.13.jar;C:\Users\Julio\.m2\repository\org\hibernate\orm\hibernate-core\6.5.3.Final\hibernate-core-6.5.3.Final.jar;C:\Users\Julio\.m2\repository\jakarta\persistence\jakarta.persistence-api\3.1.0\jakarta.persistence-api-3.1.0.jar;C:\Users\Julio\.m2\repository\jakarta\transaction\jakarta.transaction-api\2.0.1\jakarta.transaction-api-2.0.1.jar;C:\Users\Julio\.m2\repository\org\jboss\logging\jboss-logging\3.5.3.Final\jboss-logging-3.5.3.Final.jar;C:\Users\Julio\.m2\repository\org\hibernate\common\hibernate-commons-annotations\6.0.6.Final\hibernate-commons-annotations-6.0.6.Final.jar;C:\Users\Julio\.m2\repository\io\smallrye\jandex\3.1.2\jandex-3.1.2.jar;C:\Users\Julio\.m2\repository\com\fasterxml\classmate\1.7.0\classmate-1.7.0.jar;C:\Users\Julio\.m2\repository\net\bytebuddy\byte-buddy\1.14.19\byte-buddy-1.14.19.jar;C:\Users\Julio\.m2\repository\org\glassfish\jaxb\jaxb-runtime\4.0.5\jaxb-runtime-4.0.5.jar;C:\Users\Julio\.m2\repository\org\glassfish\jaxb\jaxb-core\4.0.5\jaxb-core-4.0.5.jar;C:\Users\Julio\.m2\repository\org\eclipse\angus\angus-activation\2.0.2\angus-activation-2.0.2.jar;C:\Users\Julio\.m2\repository\org\glassfish\jaxb\txw2\4.0.5\txw2-4.0.5.jar;C:\Users\Julio\.m2\repository\com\sun\istack\istack-commons-runtime\4.1.2\istack-commons-runtime-4.1.2.jar;C:\Users\Julio\.m2\repository\jakarta\inject\jakarta.inject-api\2.0.1\jakarta.inject-api-2.0.1.jar;C:\Users\Julio\.m2\repository\org\antlr\antlr4-runtime\4.13.0\antlr4-runtime-4.13.0.jar;C:\Users\Julio\.m2\repository\org\springframework\data\spring-data-jpa\3.3.4\spring-data-jpa-3.3.4.jar;C:\Users\Julio\.m2\repository\org\springframework\data\spring-data-commons\3.3.4\spring-data-commons-3.3.4.jar;C:\Users\Julio\.m2\repository\org\springframework\spring-orm\6.1.13\spring-orm-6.1.13.jar;C:\Users\Julio\.m2\repository\org\springframework\spring-context\6.1.13\spring-context-6.1.13.jar;C:\Users\Julio\.m2\repository\org\springframework\spring-tx\6.1.13\spring-tx-6.1.13.jar;C:\Users\Julio\.m2\repository\org\springframework\spring-beans\6.1.13\spring-beans-6.1.13.jar;C:\Users\Julio\.m2\repository\org\slf4j\slf4j-api\2.0.16\slf4j-api-2.0.16.jar;C:\Users\Julio\.m2\repository\org\springframework\spring-aspects\6.1.13\spring-aspects-6.1.13.jar;C:\Users\Julio\.m2\repository\org\springframework\boot\spring-boot-starter-thymeleaf\3.3.4\spring-boot-starter-thymeleaf-3.3.4.jar;C:\Users\Julio\.m2\repository\org\thymeleaf\thymeleaf-spring6\3.1.2.RELEASE\thymeleaf-spring6-3.1.2.RELEASE.jar;C:\Users\Julio\.m2\repository\org\thymeleaf\thymeleaf\3.1.2.RELEASE\thymeleaf-3.1.2.RELEASE.jar;C:\Users\Julio\.m2\repository\org\attoparser\attoparser\2.0.7.RELEASE\attoparser-2.0.7.RELEASE.jar;C:\Users\Julio\.m2\repository\org\unbescape\unbescape\1.1.6.RELEASE\unbescape-1.1.6.RELEASE.jar;C:\Users\Julio\.m2\repository\org\springframework\boot\spring-boot-starter-web\3.3.4\spring-boot-starter-web-3.3.4.jar;C:\Users\Julio\.m2\repository\org\springframework\boot\spring-boot-starter-json\3.3.4\spring-boot-starter-json-3.3.4.jar;C:\Users\Julio\.m2\repository\com\fasterxml\jackson\datatype\jackson-datatype-jdk8\2.17.2\jackson-datatype-jdk8-2.17.2.jar;C:\Users\Julio\.m2\repository\com\fasterxml\jackson\module\jackson-module-parameter-names\2.17.2\jackson-module-parameter-names-2.17.2.jar;C:\Users\Julio\.m2\repository\org\springframework\boot\spring-boot-starter-tomcat\3.3.4\spring-boot-starter-tomcat-3.3.4.jar;C:\Users\Julio\.m2\repository\org\apache\tomcat\embed\tomcat-embed-core\10.1.30\tomcat-embed-core-10.1.30.jar;C:\Users\Julio\.m2\repository\org\apache\tomcat\embed\tomcat-embed-el\10.1.30\tomcat-embed-el-10.1.30.jar;C:\Users\Julio\.m2\repository\org\apache\tomcat\embed\tomcat-embed-websocket\10.1.30\tomcat-embed-websocket-10.1.30.jar;C:\Users\Julio\.m2\repository\org\springframework\spring-web\6.1.13\spring-web-6.1.13.jar;C:\Users\Julio\.m2\repository\org\springframework\spring-webmvc\6.1.13\spring-webmvc-6.1.13.jar;C:\Users\Julio\.m2\repository\org\springframework\spring-expression\6.1.13\spring-expression-6.1.13.jar;C:\Users\Julio\.m2\repository\org\springframework\boot\spring-boot-devtools\3.3.4\spring-boot-devtools-3.3.4.jar;C:\Users\Julio\.m2\repository\org\springframework\boot\spring-boot\3.3.4\spring-boot-3.3.4.jar;C:\Users\Julio\.m2\repository\org\springframework\boot\spring-boot-autoconfigure\3.3.4\spring-boot-autoconfigure-3.3.4.jar;C:\Users\Julio\.m2\repository\com\mysql\mysql-connector-j\8.3.0\mysql-connector-j-8.3.0.jar;C:\Users\Julio\.m2\repository\jakarta\xml\bind\jakarta.xml.bind-api\4.0.2\jakarta.xml.bind-api-4.0.2.jar;C:\Users\Julio\.m2\repository\jakarta\activation\jakarta.activation-api\2.1.3\jakarta.activation-api-2.1.3.jar;C:\Users\Julio\.m2\repository\org\springframework\spring-core\6.1.13\spring-core-6.1.13.jar;C:\Users\Julio\.m2\repository\org\springframework\spring-jcl\6.1.13\spring-jcl-6.1.13.jar
Launcher Type: SUN_STANDARD

[Global flags]
     intx CICompilerCount                          = 4                                         {product} {ergonomic}
     uint ConcGCThreads                            = 3                                         {product} {ergonomic}
     uint G1ConcRefinementThreads                  = 10                                        {product} {ergonomic}
   size_t G1HeapRegionSize                         = 2097152                                   {product} {ergonomic}
   size_t InitialHeapSize                          = 268435456                                 {product} {ergonomic}
     bool ManagementServer                         = true                                      {product} {command line}
   size_t MarkStackSize                            = 4194304                                   {product} {ergonomic}
   size_t MaxHeapSize                              = 4271898624                                {product} {ergonomic}
   size_t MaxNewSize                               = 2562719744                                {product} {ergonomic}
   size_t MinHeapDeltaBytes                        = 2097152                                   {product} {ergonomic}
   size_t MinHeapSize                              = 8388608                                   {product} {ergonomic}
    uintx NonNMethodCodeHeapSize                   = 5839372                                {pd product} {ergonomic}
    uintx NonProfiledCodeHeapSize                  = 122909434                              {pd product} {ergonomic}
    uintx ProfiledCodeHeapSize                     = 122909434                              {pd product} {ergonomic}
    uintx ReservedCodeCacheSize                    = 251658240                              {pd product} {ergonomic}
     bool SegmentedCodeCache                       = true                                      {product} {ergonomic}
     bool ShowCodeDetailsInExceptionMessages       = true                                   {manageable} {command line}
   size_t SoftMaxHeapSize                          = 4271898624                             {manageable} {ergonomic}
     bool UseCompressedOops                        = true                           {product lp64_product} {ergonomic}
     bool UseG1GC                                  = true                                      {product} {ergonomic}
     bool UseLargePagesIndividualAllocation        = false                                  {pd product} {ergonomic}

Logging:
Log output configuration:
 #0: stdout all=warning uptime,level,tags foldmultilines=false
 #1: stderr all=off uptime,level,tags foldmultilines=false

Environment Variables:
JAVA_HOME=C:\Program Files\Java\jdk-22
PATH=C:\WINDOWS\system32;C:\WINDOWS;C:\WINDOWS\System32\Wbem;C:\WINDOWS\System32\WindowsPowerShell\v1.0\;C:\WINDOWS\System32\OpenSSH\;C:\Program Files\NVIDIA Corporation\NVIDIA NvDLISR;C:\Program Files (x86)\NVIDIA Corporation\PhysX\Common;C:\Program Files\dotnet\;C:\Program Files\Git\cmd;C:\Users\Julio\AppData\Local\Microsoft\WindowsApps;C:\Users\Julio\AppData\Local\Programs\Microsoft VS Code\bin;D:\Users\Julio\Desktop\JAVA\1. Utilidad\apache-maven-3.9.8\bin;C:\Program Files\Java\jdk-22\bin;
USERNAME=Julio
LANG=en_US.UTF-8
OS=Windows_NT
PROCESSOR_IDENTIFIER=AMD64 Family 23 Model 113 Stepping 0, AuthenticAMD
TMP=C:\Users\Julio\AppData\Local\Temp
TEMP=C:\Users\Julio\AppData\Local\Temp




Periodic native trim disabled

---------------  S Y S T E M  ---------------

OS:
 Windows 11 , 64 bit Build 22621 (10.0.22621.3958)
OS uptime: 0 days 4:27 hours

CPU: total 12 (initial active 12) (12 cores per cpu, 2 threads per core) family 23 model 113 stepping 0 microcode 0x0, cx8, cmov, fxsr, ht, mmx, 3dnowpref, sse, sse2, sse3, ssse3, sse4a, sse4.1, sse4.2, popcnt, lzcnt, tsc, tscinvbit, avx, avx2, aes, clmul, bmi1, bmi2, adx, sha, fma, vzeroupper, clflush, clflushopt, rdtscp, rdpid, f16c
Processor Information for all 12 processors :
  Max Mhz: 3600, Current Mhz: 3574, Mhz Limit: 3600

Memory: 4k page, system-wide physical 16293M (8386M free)
TotalPageFile size 19493M (AvailPageFile size 9222M)
current process WorkingSet (physical memory assigned to process): 305M, peak: 352M
current process commit charge ("private bytes"): 343M, peak: 396M

vm_info: Java HotSpot(TM) 64-Bit Server VM (22.0.2+9-70) for windows-amd64 JRE (22.0.2+9-70), built on 2024-06-04T16:52:23Z by "mach5one" with MS VC++ 17.6 (VS2022)

END.
