#
# A fatal error has been detected by the Java Runtime Environment:
#
#  EXCEPTION_ACCESS_VIOLATION (0xc0000005) at pc=0x00000000001a0005, pid=6736, tid=856
#
# JRE version: OpenJDK Runtime Environment Temurin-17.0.12+7 (17.0.12+7) (build 17.0.12+7)
# Java VM: OpenJDK 64-Bit Server VM Temurin-17.0.12+7 (17.0.12+7, mixed mode, tiered, compressed oops, compressed class ptrs, parallel gc, windows-amd64)
# Problematic frame:
# V  [jvm.dll+0x587713]
#
# No core dump will be written. Minidumps are not enabled by default on client versions of Windows
#
# If you would like to submit a bug report, please visit:
#   https://github.com/adoptium/adoptium-support/issues
#

---------------  S U M M A R Y ------------

Command Line: --add-modules=ALL-SYSTEM --add-opens=java.base/java.util=ALL-UNNAMED --add-opens=java.base/java.lang=ALL-UNNAMED --add-opens=java.base/sun.nio.fs=ALL-UNNAMED -Declipse.application=org.eclipse.jdt.ls.core.id1 -Dosgi.bundles.defaultStartLevel=4 -Declipse.product=org.eclipse.jdt.ls.core.product -Djava.import.generatesMetadataFilesAtProjectRoot=false -DDetectVMInstallationsJob.disabled=true -Dfile.encoding=utf8 -XX:+UseParallelGC -XX:GCTimeRatio=4 -XX:AdaptiveSizePolicyWeight=90 -Dsun.zip.disableMemoryMapping=true -Xmx1G -Xms100m -Xlog:disable -javaagent:c:\Users\Julio\.vscode\extensions\redhat.java-1.35.0-win32-x64\lombok\lombok-1.18.33.jar -XX:+HeapDumpOnOutOfMemoryError -XX:HeapDumpPath=c:\Users\Julio\AppData\Roaming\Code\User\workspaceStorage\d820ae659b13094116ff200bdf90c621\redhat.java -Daether.dependencyCollector.impl=bf c:\Users\Julio\.vscode\extensions\redhat.java-1.35.0-win32-x64\server\plugins\org.eclipse.equinox.launcher_1.6.900.v20240613-2009.jar -configuration c:\Users\Julio\AppData\Roaming\Code\User\globalStorage\redhat.java\1.35.0\config_win -data c:\Users\Julio\AppData\Roaming\Code\User\workspaceStorage\d820ae659b13094116ff200bdf90c621\redhat.java\jdt_ws --pipe=\\.\pipe\lsp-b3cdbfb7acc6d2f0ce7cab541540823c-sock

Host: AMD Ryzen 5 3600 6-Core Processor              , 12 cores, 15G,  Windows 11 , 64 bit Build 22621 (10.0.22621.3958)
Time: Fri Sep 27 15:42:53 2024 Hora estándar, América Central elapsed time: 1731.069450 seconds (0d 0h 28m 51s)

---------------  T H R E A D  ---------------

Current thread (0x00000265b113ea90):  JavaThread "C2 CompilerThread1" daemon [_thread_in_native, id=856, stack(0x00000067a3600000,0x00000067a3700000)]


Current CompileTask:
C2:1731069 15647   !   4       org.eclipse.osgi.internal.loader.BundleLoader::findRequiredSource (283 bytes)

Stack: [0x00000067a3600000,0x00000067a3700000],  sp=0x00000067a36fa920,  free space=1002k
Native frames: (J=compiled Java code, j=interpreted, Vv=VM code, C=native code)
C  0x00000000001a0005


siginfo: EXCEPTION_ACCESS_VIOLATION (0xc0000005), data execution prevention violation at address 0x00000000001a0005


Registers:
RAX=0x00000265bd234200, RBX=0x00000265b3312ca8, RCX=0x00000265b3312ca8, RDX=0x00000265b18f1b40
RSP=0x00000067a36fa918, RBP=0x00000067a36fad00, RSI=0x0000000000000001, RDI=0x0000000000000000
R8 =0x0000000000000002, R9 =0x0000000000000002, R10=0x00007ff8eae10000, R11=0x00000265b18f3340
R12=0x000000000000004c, R13=0x00000067a36fa9b0, R14=0x00000265b2647c90, R15=0x00000067a36fa9d0
RIP=0x00000000001a0005, EFLAGS=0x0000000000010202


Register to memory mapping:

RIP=0x00000000001a0005 is an unknown value
RAX=0x00000265bd234200 points into unknown readable memory: 0x0000000000000000 | 00 00 00 00 00 00 00 00
RBX=0x00000265b3312ca8 points into unknown readable memory: 0x00000265bd234200 | 00 42 23 bd 65 02 00 00
RCX=0x00000265b3312ca8 points into unknown readable memory: 0x00000265bd234200 | 00 42 23 bd 65 02 00 00
RDX=0x00000265b18f1b40 points into unknown readable memory: 0xff0fff7fffffdfff | ff df ff ff 7f ff 0f ff
RSP=0x00000067a36fa918 is pointing into the stack for thread: 0x00000265b113ea90
RBP=0x00000067a36fad00 is pointing into the stack for thread: 0x00000265b113ea90
RSI=0x0000000000000001 is an unknown value
RDI=0x0 is NULL
R8 =0x0000000000000002 is an unknown value
R9 =0x0000000000000002 is an unknown value
R10=0x00007ff8eae10000 VCRUNTIME140.dll
R11=0x00000265b18f3340 points into unknown readable memory: 0x00000265af0c2930 | 30 29 0c af 65 02 00 00
R12=0x000000000000004c is an unknown value
R13=0x00000067a36fa9b0 is pointing into the stack for thread: 0x00000265b113ea90
R14=0x00000265b2647c90 points into unknown readable memory: 0x00007ff8aa1ef678 | 78 f6 1e aa f8 7f 00 00
R15=0x00000067a36fa9d0 is pointing into the stack for thread: 0x00000265b113ea90


Top of Stack: (sp=0x00000067a36fa918)
0x00000067a36fa918:   00007ff8a9dd7713 00000265bdae9410
0x00000067a36fa928:   00000067a36fad00 0000000000000000
0x00000067a36fa938:   00007ff8aa07070e 00000265bcf7e650
0x00000067a36fa948:   00000265942e6f90 0000000000000000
0x00000067a36fa958:   0000000000000001 00000265bcf7e620
0x00000067a36fa968:   00000000000f0000 00000067a36faa80
0x00000067a36fa978:   00007ff8a9dd6be7 00000067a36fad00
0x00000067a36fa988:   00000067a36fa9d0 000002650000005e
0x00000067a36fa998:   00000067a36fa9f0 0000026592120000
0x00000067a36fa9a8:   0000026592120000 00000265b22349b0
0x00000067a36fa9b8:   0000000000000400 00000265b18f2340
0x00000067a36fa9c8:   0000000000000085 0000000000000200
0x00000067a36fa9d8:   00000265b18f1b40 0000000000000200
0x00000067a36fa9e8:   00000265b22349b0 00000265bbf6edf0
0x00000067a36fa9f8:   00000265bbf7f710 00000265bbf6edf0
0x00000067a36faa08:   00000265b22349b0 00000265b22349b0
0x00000067a36faa18:   0000000000000004 00000265b3491ee0
0x00000067a36faa28:   0000006700000000 0000006700000003
0x00000067a36faa38:   00000067a36fab40 00000000000f0040
0x00000067a36faa48:   00000265b08052c0 00000067a36fab40
0x00000067a36faa58:   0000000000000000 0000000000000368
0x00000067a36faa68:   00007ff8a9a14f41 0000000000000000
0x00000067a36faa78:   00007ff8a9a1e31b 00000067a36ff420
0x00000067a36faa88:   0000000000000007 0000000000000050
0x00000067a36faa98:   00000067a36ff420 0000000000000050
0x00000067a36faaa8:   0000006709090101 00000067a36fab80
0x00000067a36faab8:   00007ff8a9a14c60 0000000000000005
0x00000067a36faac8:   00000265b3126a30 00000000000f0040
0x00000067a36faad8:   00000265b3129e68 00000067a36fabb0
0x00000067a36faae8:   000000000000000d 0000000000020000
0x00000067a36faaf8:   00007ff94cc01966 0000000000000000
0x00000067a36fab08:   0000000000020010 0000000000000000 

Instructions: (pc=0x00007ff8a9dd7713)
0x00007ff8a9dd7613:   49 68 48 85 c9 74 26 8b 51 18 33 c0 85 d2 74 1d
0x00007ff8a9dd7623:   4c 8b 41 10 66 0f 1f 84 00 00 00 00 00 4d 3b 34
0x00007ff8a9dd7633:   c0 0f 84 9e 00 00 00 ff c0 3b c2 72 f0 4d 8b 09
0x00007ff8a9dd7643:   4d 85 c9 75 c9 49 8b 46 08 49 8b d6 48 8b cd 48
0x00007ff8a9dd7653:   8b 30 4c 8b c6 e8 43 db fe ff 48 8b 4f 60 48 85
0x00007ff8a9dd7663:   c9 74 08 49 8b d6 e8 72 72 0d 00 8b 7e 28 8b df
0x00007ff8a9dd7673:   c1 eb 05 41 3b 1f 72 0a 8b d3 49 8b cf e8 1b 90
0x00007ff8a9dd7683:   29 00 49 8b 47 08 83 e7 1f 48 8d 14 98 40 0f b6
0x00007ff8a9dd7693:   cf 41 b8 01 00 00 00 41 d3 e0 8b 0a 8b c1 41 0b
0x00007ff8a9dd76a3:   c0 89 02 41 85 c8 75 23 41 8b 5d 18 8d 43 01 41
0x00007ff8a9dd76b3:   89 45 18 41 3b 5d 08 72 0a 8b d3 49 8b cd e8 3a
0x00007ff8a9dd76c3:   59 0d 00 49 8b 45 10 48 89 34 d8 8b 74 24 70 44
0x00007ff8a9dd76d3:   8d 66 01 eb 04 8b 74 24 70 44 3b e6 0f 83 f8 00
0x00007ff8a9dd76e3:   00 00 66 66 66 0f 1f 84 00 00 00 00 00 49 8b 46
0x00007ff8a9dd76f3:   08 41 8b cc 41 ff c4 48 8b 1c c8 48 85 db 0f 84
0x00007ff8a9dd7703:   cb 00 00 00 48 8b 03 48 8b cb ff 90 a8 00 00 00
0x00007ff8a9dd7713:   84 c0 74 38 48 8b 03 48 8b cb ff 50 10 84 c0 75
0x00007ff8a9dd7723:   2b 48 8b 43 08 8b 7b 28 4c 8b 38 3b 7d 28 72 0b
0x00007ff8a9dd7733:   8b d7 48 8d 4d 20 e8 c2 58 0d 00 48 8b 45 30 49
0x00007ff8a9dd7743:   8d 57 01 4c 8b 7c 24 68 48 89 14 f8 8b 73 28 8b
0x00007ff8a9dd7753:   fe c1 ef 05 41 3b 3f 72 0a 8b d7 49 8b cf e8 3a
0x00007ff8a9dd7763:   8f 29 00 49 8b 47 08 83 e6 1f 44 8b 0c b8 48 8d
0x00007ff8a9dd7773:   14 b8 41 8b c1 41 b8 01 00 00 00 40 0f b6 ce 41
0x00007ff8a9dd7783:   d3 e0 41 0b c0 45 23 c8 89 02 8b 43 28 3b 45 28
0x00007ff8a9dd7793:   0f 83 d2 00 00 00 8b c8 48 8b 45 30 48 83 3c c8
0x00007ff8a9dd77a3:   00 0f 84 c1 00 00 00 45 85 c9 75 23 41 8b 7d 18
0x00007ff8a9dd77b3:   8d 47 01 41 89 45 18 41 3b 7d 08 72 0a 8b d7 49
0x00007ff8a9dd77c3:   8b cd e8 36 58 0d 00 49 8b 45 10 48 89 1c f8 44
0x00007ff8a9dd77d3:   3b 64 24 70 0f 82 13 ff ff ff 41 8b 46 28 3b 45
0x00007ff8a9dd77e3:   28 73 0d 8b c8 48 8b 45 30 48 83 3c c8 00 75 57
0x00007ff8a9dd77f3:   49 8b d6 48 8b cd e8 a2 39 00 00 41 8b 5e 28 48
0x00007ff8a9dd7803:   8b f0 3b 5d 28 72 0b 8b d3 48 8d 4d 20 e8 eb 57 


Stack slot to memory mapping:
stack at sp + 0 slots: 0x00000265bdae9410 points into unknown readable memory: 0x00007ff8aa1b1478 | 78 14 1b aa f8 7f 00 00
stack at sp + 1 slots: 0x00000067a36fad00 is pointing into the stack for thread: 0x00000265b113ea90
stack at sp + 2 slots: 0x0 is NULL
stack at sp + 3 slots: 0x00007ff8aa07070e jvm.dll
stack at sp + 4 slots: 0x00000265bcf7e650 points into unknown readable memory: 0x8000000000000001 | 01 00 00 00 00 00 00 80
stack at sp + 5 slots: 0x00000265942e6f90 points into unknown readable memory: 0x00007ff8aa1822d0 | d0 22 18 aa f8 7f 00 00
stack at sp + 6 slots: 0x0 is NULL
stack at sp + 7 slots: 0x0000000000000001 is an unknown value


---------------  P R O C E S S  ---------------

Threads class SMR info:
_java_thread_list=0x00000265bc657e50, length=53, elements={
0x00000265942d1c10, 0x00000265a8153010, 0x00000265a81554a0, 0x00000265a815aeb0,
0x00000265a815b880, 0x00000265a815caf0, 0x00000265ad2c6000, 0x00000265ad2cad10,
0x00000265ad2cfe90, 0x00000265ad2d8f70, 0x0000026594334a30, 0x00000265ad617a00,
0x00000265af2d7da0, 0x00000265af2d82b0, 0x00000265af2d7380, 0x00000265af2d6e70,
0x00000265af2d6960, 0x00000265af2d7890, 0x00000265af56c340, 0x00000265af56c850,
0x00000265af570f30, 0x00000265af56dc90, 0x00000265af56d270, 0x00000265af56f0d0,
0x00000265af570510, 0x00000265af56d780, 0x00000265af56b410, 0x00000265af56e6b0,
0x00000265af56faf0, 0x00000265af56b920, 0x00000265af570a20, 0x00000265af56ebc0,
0x00000265af571440, 0x00000265af56f5e0, 0x00000265af571950, 0x00000265af571e60,
0x00000265af56a9f0, 0x00000265af56af00, 0x00000265b24deaf0, 0x00000265b24dc270,
0x00000265b24de5e0, 0x00000265b24df510, 0x00000265b24e0e60, 0x00000265b24de0d0,
0x00000265b24dff30, 0x00000265b24da410, 0x00000265b24dfa20, 0x00000265b24e0950,
0x00000265b24e1370, 0x00000265bc386fc0, 0x00000265bc385b80, 0x00000265bc385670,
0x00000265b113ea90
}

Java Threads: ( => current thread )
  0x00000265942d1c10 JavaThread "main" [_thread_blocked, id=16332, stack(0x00000067a3800000,0x00000067a3900000)]
  0x00000265a8153010 JavaThread "Reference Handler" daemon [_thread_blocked, id=184, stack(0x00000067a3b00000,0x00000067a3c00000)]
  0x00000265a81554a0 JavaThread "Finalizer" daemon [_thread_blocked, id=16204, stack(0x00000067a3c00000,0x00000067a3d00000)]
  0x00000265a815aeb0 JavaThread "Signal Dispatcher" daemon [_thread_blocked, id=10188, stack(0x00000067a3d00000,0x00000067a3e00000)]
  0x00000265a815b880 JavaThread "Attach Listener" daemon [_thread_blocked, id=1544, stack(0x00000067a3e00000,0x00000067a3f00000)]
  0x00000265a815caf0 JavaThread "Service Thread" daemon [_thread_blocked, id=4588, stack(0x00000067a3f00000,0x00000067a4000000)]
  0x00000265ad2c6000 JavaThread "Monitor Deflation Thread" daemon [_thread_blocked, id=6048, stack(0x00000067a4000000,0x00000067a4100000)]
  0x00000265ad2cad10 JavaThread "C2 CompilerThread0" daemon [_thread_in_native, id=15008, stack(0x00000067a4100000,0x00000067a4200000)]
  0x00000265ad2cfe90 JavaThread "C1 CompilerThread0" daemon [_thread_blocked, id=8336, stack(0x00000067a4200000,0x00000067a4300000)]
  0x00000265ad2d8f70 JavaThread "Sweeper thread" daemon [_thread_blocked, id=5884, stack(0x00000067a4300000,0x00000067a4400000)]
  0x0000026594334a30 JavaThread "Common-Cleaner" daemon [_thread_blocked, id=972, stack(0x00000067a4400000,0x00000067a4500000)]
  0x00000265ad617a00 JavaThread "Notification Thread" daemon [_thread_blocked, id=9008, stack(0x00000067a4600000,0x00000067a4700000)]
  0x00000265af2d7da0 JavaThread "Active Thread: Equinox Container: 93f296cd-5ab6-4690-866d-5d29f514e899" [_thread_blocked, id=13480, stack(0x00000067a5400000,0x00000067a5500000)]
  0x00000265af2d82b0 JavaThread "Framework Event Dispatcher: Equinox Container: 93f296cd-5ab6-4690-866d-5d29f514e899" daemon [_thread_blocked, id=8236, stack(0x00000067a4500000,0x00000067a4600000)]
  0x00000265af2d7380 JavaThread "Start Level: Equinox Container: 93f296cd-5ab6-4690-866d-5d29f514e899" daemon [_thread_blocked, id=13092, stack(0x00000067a4800000,0x00000067a4900000)]
  0x00000265af2d6e70 JavaThread "Refresh Thread: Equinox Container: 93f296cd-5ab6-4690-866d-5d29f514e899" daemon [_thread_blocked, id=16280, stack(0x00000067a5900000,0x00000067a5a00000)]
  0x00000265af2d6960 JavaThread "Bundle File Closer" daemon [_thread_blocked, id=15452, stack(0x00000067a5500000,0x00000067a5600000)]
  0x00000265af2d7890 JavaThread "SCR Component Actor" daemon [_thread_blocked, id=5484, stack(0x00000067a6200000,0x00000067a6300000)]
  0x00000265af56c340 JavaThread "Worker-JM" [_thread_blocked, id=15344, stack(0x00000067a6400000,0x00000067a6500000)]
  0x00000265af56c850 JavaThread "JNA Cleaner" daemon [_thread_blocked, id=14372, stack(0x00000067a6500000,0x00000067a6600000)]
  0x00000265af570f30 JavaThread "Java indexing" daemon [_thread_blocked, id=9956, stack(0x00000067a6900000,0x00000067a6a00000)]
  0x00000265af56dc90 JavaThread "Thread-2" daemon [_thread_in_native, id=13568, stack(0x00000067a6c00000,0x00000067a6d00000)]
  0x00000265af56d270 JavaThread "Thread-3" daemon [_thread_in_native, id=16292, stack(0x00000067a6d00000,0x00000067a6e00000)]
  0x00000265af56f0d0 JavaThread "Thread-4" daemon [_thread_in_native, id=3076, stack(0x00000067a6e00000,0x00000067a6f00000)]
  0x00000265af570510 JavaThread "Thread-5" daemon [_thread_in_native, id=8212, stack(0x00000067a6f00000,0x00000067a7000000)]
  0x00000265af56d780 JavaThread "Thread-6" daemon [_thread_in_native, id=14376, stack(0x00000067a7000000,0x00000067a7100000)]
  0x00000265af56b410 JavaThread "Thread-7" daemon [_thread_in_native, id=7716, stack(0x00000067a7100000,0x00000067a7200000)]
  0x00000265af56e6b0 JavaThread "Thread-8" daemon [_thread_in_native, id=15028, stack(0x00000067a7200000,0x00000067a7300000)]
  0x00000265af56faf0 JavaThread "Thread-9" daemon [_thread_in_native, id=10836, stack(0x00000067a7300000,0x00000067a7400000)]
  0x00000265af56b920 JavaThread "Thread-10" daemon [_thread_in_native, id=1188, stack(0x00000067a7400000,0x00000067a7500000)]
  0x00000265af570a20 JavaThread "Thread-11" daemon [_thread_in_native, id=16336, stack(0x00000067a7500000,0x00000067a7600000)]
  0x00000265af56ebc0 JavaThread "Thread-12" daemon [_thread_in_native, id=6984, stack(0x00000067a7600000,0x00000067a7700000)]
  0x00000265af571440 JavaThread "Thread-13" daemon [_thread_in_native, id=8044, stack(0x00000067a7700000,0x00000067a7800000)]
  0x00000265af56f5e0 JavaThread "Thread-14" daemon [_thread_in_native, id=6284, stack(0x00000067a7800000,0x00000067a7900000)]
  0x00000265af571950 JavaThread "pool-2-thread-1" [_thread_blocked, id=4616, stack(0x00000067a7900000,0x00000067a7a00000)]
  0x00000265af571e60 JavaThread "WorkspaceEventsHandler" [_thread_blocked, id=14680, stack(0x00000067a7a00000,0x00000067a7b00000)]
  0x00000265af56a9f0 JavaThread "pool-1-thread-1" [_thread_blocked, id=6848, stack(0x00000067a7b00000,0x00000067a7c00000)]
  0x00000265af56af00 JavaThread "Worker-2" [_thread_blocked, id=14268, stack(0x00000067a7c00000,0x00000067a7d00000)]
  0x00000265b24deaf0 JavaThread "Worker-6" [_thread_blocked, id=15332, stack(0x00000067a8100000,0x00000067a8200000)]
  0x00000265b24dc270 JavaThread "Compiler Source File Reader" daemon [_thread_blocked, id=6940, stack(0x00000067a8300000,0x00000067a8400000)]
  0x00000265b24de5e0 JavaThread "Compiler Source File Reader" daemon [_thread_blocked, id=9644, stack(0x00000067a8400000,0x00000067a8500000)]
  0x00000265b24df510 JavaThread "Compiler Source File Reader" daemon [_thread_blocked, id=13244, stack(0x00000067a8500000,0x00000067a8600000)]
  0x00000265b24e0e60 JavaThread "Compiler Source File Reader" daemon [_thread_blocked, id=13724, stack(0x00000067a8600000,0x00000067a8700000)]
  0x00000265b24de0d0 JavaThread "Compiler Source File Reader" daemon [_thread_blocked, id=14776, stack(0x00000067a8700000,0x00000067a8800000)]
  0x00000265b24dff30 JavaThread "Compiler Source File Reader" daemon [_thread_blocked, id=2472, stack(0x00000067a8800000,0x00000067a8900000)]
  0x00000265b24da410 JavaThread "Compiler Source File Reader" daemon [_thread_blocked, id=11016, stack(0x00000067a8900000,0x00000067a8a00000)]
  0x00000265b24dfa20 JavaThread "Compiler Source File Reader" daemon [_thread_blocked, id=2248, stack(0x00000067a8a00000,0x00000067a8b00000)]
  0x00000265b24e0950 JavaThread "Compiler Source File Reader" daemon [_thread_blocked, id=13552, stack(0x00000067a8b00000,0x00000067a8c00000)]
  0x00000265b24e1370 JavaThread "Compiler Source File Reader" daemon [_thread_blocked, id=10884, stack(0x00000067a8c00000,0x00000067a8d00000)]
  0x00000265bc386fc0 JavaThread "Cleaner-0" daemon [_thread_blocked, id=6904, stack(0x00000067a5000000,0x00000067a5100000)]
  0x00000265bc385b80 JavaThread "ForkJoinPool.commonPool-worker-13" daemon [_thread_blocked, id=11548, stack(0x00000067a3500000,0x00000067a3600000)]
  0x00000265bc385670 JavaThread "ForkJoinPool.commonPool-worker-14" daemon [_thread_blocked, id=12732, stack(0x00000067a4e00000,0x00000067a4f00000)]
=>0x00000265b113ea90 JavaThread "C2 CompilerThread1" daemon [_thread_in_native, id=856, stack(0x00000067a3600000,0x00000067a3700000)]

Other Threads:
  0x0000026594377860 VMThread "VM Thread" [stack: 0x00000067a3a00000,0x00000067a3b00000] [id=1748]
  0x00000265ad617ee0 WatcherThread [stack: 0x00000067a4700000,0x00000067a4800000] [id=14208]
  0x00000265942e7010 GCTaskThread "GC Thread#0" [stack: 0x00000067a3900000,0x00000067a3a00000] [id=14580]
  0x00000265aec938b0 GCTaskThread "GC Thread#1" [stack: 0x00000067a4900000,0x00000067a4a00000] [id=872]
  0x00000265af1f9040 GCTaskThread "GC Thread#2" [stack: 0x00000067a4a00000,0x00000067a4b00000] [id=15684]
  0x00000265af1f9300 GCTaskThread "GC Thread#3" [stack: 0x00000067a4b00000,0x00000067a4c00000] [id=4336]
  0x00000265aef2d020 GCTaskThread "GC Thread#4" [stack: 0x00000067a4c00000,0x00000067a4d00000] [id=6828]
  0x00000265aef2d2e0 GCTaskThread "GC Thread#5" [stack: 0x00000067a4d00000,0x00000067a4e00000] [id=15704]
  0x00000265af2463b0 GCTaskThread "GC Thread#6" [stack: 0x00000067a5700000,0x00000067a5800000] [id=8368]
  0x00000265af246670 GCTaskThread "GC Thread#7" [stack: 0x00000067a5800000,0x00000067a5900000] [id=9976]
  0x00000265b062d790 GCTaskThread "GC Thread#8" [stack: 0x00000067a6000000,0x00000067a6100000] [id=14592]
  0x00000265aff67480 GCTaskThread "GC Thread#9" [stack: 0x00000067a6100000,0x00000067a6200000] [id=14544]

Threads with active compile tasks:
C2 CompilerThread0  1731107 15668       4       org.eclipse.jdt.internal.compiler.parser.Scanner::internalScanIdentifierOrKeyword (4945 bytes)
C2 CompilerThread1  1731107 15647   !   4       org.eclipse.osgi.internal.loader.BundleLoader::findRequiredSource (283 bytes)

VM state: not at safepoint (normal execution)

VM Mutex/Monitor currently owned by a thread: None

Heap address: 0x00000000c0000000, size: 1024 MB, Compressed Oops mode: 32-bit

CDS archive(s) not mapped
Compressed class space mapped at: 0x0000000100000000-0x0000000140000000, reserved size: 1073741824
Narrow klass base: 0x0000000000000000, Narrow klass shift: 3, Narrow klass range: 0x140000000

GC Precious Log:
 CPUs: 12 total, 12 available
 Memory: 16293M
 Large Page Support: Disabled
 NUMA Support: Disabled
 Compressed Oops: Enabled (32-bit)
 Alignments: Space 512K, Generation 512K, Heap 2M
 Heap Min Capacity: 100M
 Heap Initial Capacity: 100M
 Heap Max Capacity: 1G
 Pre-touch: Disabled
 Parallel Workers: 10

Heap:
 PSYoungGen      total 3072K, used 2762K [0x00000000eab00000, 0x00000000eb180000, 0x0000000100000000)
  eden space 2048K, 94% used [0x00000000eab00000,0x00000000eace2a30,0x00000000ead00000)
  from space 1024K, 81% used [0x00000000eb000000,0x00000000eb0d0000,0x00000000eb100000)
  to   space 512K, 0% used [0x00000000eb100000,0x00000000eb100000,0x00000000eb180000)
 ParOldGen       total 320000K, used 292688K [0x00000000c0000000, 0x00000000d3880000, 0x00000000eab00000)
  object space 320000K, 91% used [0x00000000c0000000,0x00000000d1dd4148,0x00000000d3880000)
 Metaspace       used 84428K, committed 85760K, reserved 1179648K
  class space    used 8812K, committed 9408K, reserved 1048576K

Card table byte_map: [0x0000026593c60000,0x0000026593e70000] _byte_map_base: 0x0000026593660000

Marking Bits: (ParMarkBitMap*) 0x00007ff8aa3f58b0
 Begin Bits: [0x00000265a5f60000, 0x00000265a6f60000)
 End Bits:   [0x00000265a6f60000, 0x00000265a7f60000)

Polling page: 0x0000026592290000

Metaspace:

Usage:
  Non-class:     73.84 MB used.
      Class:      8.61 MB used.
       Both:     82.45 MB used.

Virtual space:
  Non-class space:      128.00 MB reserved,      74.56 MB ( 58%) committed,  2 nodes.
      Class space:        1.00 GB reserved,       9.19 MB ( <1%) committed,  1 nodes.
             Both:        1.12 GB reserved,      83.75 MB (  7%) committed. 

Chunk freelists:
   Non-Class:  4.92 MB
       Class:  6.65 MB
        Both:  11.57 MB

MaxMetaspaceSize: unlimited
CompressedClassSpaceSize: 1.00 GB
Initial GC threshold: 21.00 MB
Current GC threshold: 134.94 MB
CDS: off
MetaspaceReclaimPolicy: balanced
 - commit_granule_bytes: 65536.
 - commit_granule_words: 8192.
 - virtual_space_node_default_size: 8388608.
 - enlarge_chunks_in_place: 1.
 - new_chunks_are_fully_committed: 0.
 - uncommit_free_chunks: 1.
 - use_allocation_guard: 0.
 - handle_deallocations: 1.


Internal statistics:

num_allocs_failed_limit: 9.
num_arena_births: 1082.
num_arena_deaths: 36.
num_vsnodes_births: 3.
num_vsnodes_deaths: 0.
num_space_committed: 1340.
num_space_uncommitted: 0.
num_chunks_returned_to_freelist: 54.
num_chunks_taken_from_freelist: 4543.
num_chunk_merges: 19.
num_chunk_splits: 2801.
num_chunks_enlarged: 1620.
num_inconsistent_stats: 0.

CodeHeap 'non-profiled nmethods': size=120000Kb used=9837Kb max_used=10267Kb free=110162Kb
 bounds [0x000002659ea30000, 0x000002659f460000, 0x00000265a5f60000]
CodeHeap 'profiled nmethods': size=120000Kb used=24399Kb max_used=25896Kb free=95600Kb
 bounds [0x0000026596f60000, 0x00000265988b0000, 0x000002659e490000]
CodeHeap 'non-nmethods': size=5760Kb used=1440Kb max_used=1522Kb free=4319Kb
 bounds [0x000002659e490000, 0x000002659e700000, 0x000002659ea30000]
 total_blobs=12873 nmethods=12072 adapters=712
 compilation: enabled
              stopped_count=0, restarted_count=0
 full_count=0

Compilation events (20 events):
Event: 1731.051 Thread 0x00000265ad2cad10 nmethod 15657 0x000002659ee96310 code [0x000002659ee96480, 0x000002659ee96518]
Event: 1731.052 Thread 0x00000265ad2cad10 15659       4       org.eclipse.jdt.core.dom.ASTVisitor::endVisit (1 bytes)
Event: 1731.052 Thread 0x00000265ad2cfe90 15660   !   3       org.eclipse.jdt.core.dom.VariableDeclarationStatement::getType (59 bytes)
Event: 1731.052 Thread 0x00000265ad2cad10 nmethod 15659 0x000002659eaa2910 code [0x000002659eaa2a80, 0x000002659eaa2af8]
Event: 1731.053 Thread 0x00000265ad2cfe90 nmethod 15660 0x000002659717aa10 code [0x000002659717ac80, 0x000002659717b708]
Event: 1731.053 Thread 0x00000265ad2cfe90 15661       3       org.eclipse.jdt.core.dom.ClassInstanceCreation::accept0 (92 bytes)
Event: 1731.054 Thread 0x00000265ad2cfe90 nmethod 15661 0x0000026596fd8a10 code [0x0000026596fd8c80, 0x0000026596fd9558]
Event: 1731.054 Thread 0x00000265ad2cfe90 15662   !   3       org.eclipse.jdt.core.dom.ClassInstanceCreation::getType (64 bytes)
Event: 1731.054 Thread 0x00000265ad2cad10 15668       4       org.eclipse.jdt.internal.compiler.parser.Scanner::internalScanIdentifierOrKeyword (4945 bytes)
Event: 1731.054 Thread 0x00000265ad2cfe90 nmethod 15662 0x00000265985bab10 code [0x00000265985bad80, 0x00000265985bb8a8]
Event: 1731.054 Thread 0x00000265ad2cfe90 15664       3       org.eclipse.jdt.internal.core.JavaElement::newNotPresentException (12 bytes)
Event: 1731.054 Thread 0x00000265ad2cfe90 nmethod 15664 0x00000265984ff390 code [0x00000265984ff540, 0x00000265984ff858]
Event: 1731.054 Thread 0x00000265ad2cfe90 15663       3       org.eclipse.jdt.internal.core.BinaryMethod::equals (43 bytes)
Event: 1731.055 Thread 0x00000265ad2cfe90 nmethod 15663 0x0000026597055010 code [0x0000026597055200, 0x00000265970556d8]
Event: 1731.055 Thread 0x00000265ad2cfe90 15666       3       org.eclipse.jdt.internal.core.PackageFragment::toStringInfo (62 bytes)
Event: 1731.055 Thread 0x00000265ad2cfe90 nmethod 15666 0x0000026597fd4b90 code [0x0000026597fd4e20, 0x0000026597fd5928]
Event: 1731.055 Thread 0x00000265ad2cfe90 15667       3       org.eclipse.jdt.internal.core.PackageFragmentRoot::toStringInfo (122 bytes)
Event: 1731.056 Thread 0x00000265ad2cfe90 nmethod 15667 0x0000026597e87890 code [0x0000026597e87c20, 0x0000026597e891d8]
Event: 1731.056 Thread 0x00000265ad2cfe90 15665       3       org.eclipse.jdt.internal.core.JavaElement::toStringWithAncestors (28 bytes)
Event: 1731.056 Thread 0x00000265ad2cfe90 nmethod 15665 0x0000026597ef4590 code [0x0000026597ef47a0, 0x0000026597ef4d68]

GC Heap History (20 events):
Event: 1729.212 GC heap before
{Heap before GC invocations=347 (full 15):
 PSYoungGen      total 6144K, used 5827K [0x00000000eab00000, 0x00000000eb700000, 0x0000000100000000)
  eden space 2048K, 100% used [0x00000000eab00000,0x00000000ead00000,0x00000000ead00000)
  from space 4096K, 92% used [0x00000000ead00000,0x00000000eb0b0fc0,0x00000000eb100000)
  to   space 5120K, 0% used [0x00000000eb200000,0x00000000eb200000,0x00000000eb700000)
 ParOldGen       total 320000K, used 290682K [0x00000000c0000000, 0x00000000d3880000, 0x00000000eab00000)
  object space 320000K, 90% used [0x00000000c0000000,0x00000000d1bde848,0x00000000d3880000)
 Metaspace       used 82892K, committed 84224K, reserved 1179648K
  class space    used 8645K, committed 9216K, reserved 1048576K
}
Event: 1729.214 GC heap after
{Heap after GC invocations=347 (full 15):
 PSYoungGen      total 3072K, used 960K [0x00000000eab00000, 0x00000000eb300000, 0x0000000100000000)
  eden space 2048K, 0% used [0x00000000eab00000,0x00000000eab00000,0x00000000ead00000)
  from space 1024K, 93% used [0x00000000eb200000,0x00000000eb2f0000,0x00000000eb300000)
  to   space 2560K, 0% used [0x00000000eae00000,0x00000000eae00000,0x00000000eb080000)
 ParOldGen       total 320000K, used 290982K [0x00000000c0000000, 0x00000000d3880000, 0x00000000eab00000)
  object space 320000K, 90% used [0x00000000c0000000,0x00000000d1c29960,0x00000000d3880000)
 Metaspace       used 82892K, committed 84224K, reserved 1179648K
  class space    used 8645K, committed 9216K, reserved 1048576K
}
Event: 1729.238 GC heap before
{Heap before GC invocations=348 (full 15):
 PSYoungGen      total 3072K, used 2979K [0x00000000eab00000, 0x00000000eb300000, 0x0000000100000000)
  eden space 2048K, 98% used [0x00000000eab00000,0x00000000eacf8c20,0x00000000ead00000)
  from space 1024K, 93% used [0x00000000eb200000,0x00000000eb2f0000,0x00000000eb300000)
  to   space 2560K, 0% used [0x00000000eae00000,0x00000000eae00000,0x00000000eb080000)
 ParOldGen       total 320000K, used 290982K [0x00000000c0000000, 0x00000000d3880000, 0x00000000eab00000)
  object space 320000K, 90% used [0x00000000c0000000,0x00000000d1c29960,0x00000000d3880000)
 Metaspace       used 83095K, committed 84480K, reserved 1179648K
  class space    used 8658K, committed 9280K, reserved 1048576K
}
Event: 1729.240 GC heap after
{Heap after GC invocations=348 (full 15):
 PSYoungGen      total 4608K, used 416K [0x00000000eab00000, 0x00000000eb280000, 0x0000000100000000)
  eden space 2048K, 0% used [0x00000000eab00000,0x00000000eab00000,0x00000000ead00000)
  from space 2560K, 16% used [0x00000000eae00000,0x00000000eae68000,0x00000000eb080000)
  to   space 1024K, 0% used [0x00000000eb180000,0x00000000eb180000,0x00000000eb280000)
 ParOldGen       total 320000K, used 291543K [0x00000000c0000000, 0x00000000d3880000, 0x00000000eab00000)
  object space 320000K, 91% used [0x00000000c0000000,0x00000000d1cb5c98,0x00000000d3880000)
 Metaspace       used 83095K, committed 84480K, reserved 1179648K
  class space    used 8658K, committed 9280K, reserved 1048576K
}
Event: 1729.261 GC heap before
{Heap before GC invocations=349 (full 15):
 PSYoungGen      total 4608K, used 2464K [0x00000000eab00000, 0x00000000eb280000, 0x0000000100000000)
  eden space 2048K, 100% used [0x00000000eab00000,0x00000000ead00000,0x00000000ead00000)
  from space 2560K, 16% used [0x00000000eae00000,0x00000000eae68000,0x00000000eb080000)
  to   space 1024K, 0% used [0x00000000eb180000,0x00000000eb180000,0x00000000eb280000)
 ParOldGen       total 320000K, used 291543K [0x00000000c0000000, 0x00000000d3880000, 0x00000000eab00000)
  object space 320000K, 91% used [0x00000000c0000000,0x00000000d1cb5c98,0x00000000d3880000)
 Metaspace       used 83343K, committed 84672K, reserved 1179648K
  class space    used 8683K, committed 9280K, reserved 1048576K
}
Event: 1729.262 GC heap after
{Heap after GC invocations=349 (full 15):
 PSYoungGen      total 2560K, used 320K [0x00000000eab00000, 0x00000000eb200000, 0x0000000100000000)
  eden space 2048K, 0% used [0x00000000eab00000,0x00000000eab00000,0x00000000ead00000)
  from space 512K, 62% used [0x00000000eb180000,0x00000000eb1d0000,0x00000000eb200000)
  to   space 512K, 0% used [0x00000000eb100000,0x00000000eb100000,0x00000000eb180000)
 ParOldGen       total 320000K, used 291855K [0x00000000c0000000, 0x00000000d3880000, 0x00000000eab00000)
  object space 320000K, 91% used [0x00000000c0000000,0x00000000d1d03c98,0x00000000d3880000)
 Metaspace       used 83343K, committed 84672K, reserved 1179648K
  class space    used 8683K, committed 9280K, reserved 1048576K
}
Event: 1729.279 GC heap before
{Heap before GC invocations=350 (full 15):
 PSYoungGen      total 2560K, used 2367K [0x00000000eab00000, 0x00000000eb200000, 0x0000000100000000)
  eden space 2048K, 99% used [0x00000000eab00000,0x00000000eacfffe8,0x00000000ead00000)
  from space 512K, 62% used [0x00000000eb180000,0x00000000eb1d0000,0x00000000eb200000)
  to   space 512K, 0% used [0x00000000eb100000,0x00000000eb100000,0x00000000eb180000)
 ParOldGen       total 320000K, used 291855K [0x00000000c0000000, 0x00000000d3880000, 0x00000000eab00000)
  object space 320000K, 91% used [0x00000000c0000000,0x00000000d1d03c98,0x00000000d3880000)
 Metaspace       used 83655K, committed 84992K, reserved 1179648K
  class space    used 8723K, committed 9344K, reserved 1048576K
}
Event: 1729.280 GC heap after
{Heap after GC invocations=350 (full 15):
 PSYoungGen      total 2560K, used 319K [0x00000000eab00000, 0x00000000eb200000, 0x0000000100000000)
  eden space 2048K, 0% used [0x00000000eab00000,0x00000000eab00000,0x00000000ead00000)
  from space 512K, 62% used [0x00000000eb100000,0x00000000eb14fc48,0x00000000eb180000)
  to   space 512K, 0% used [0x00000000eb180000,0x00000000eb180000,0x00000000eb200000)
 ParOldGen       total 320000K, used 291855K [0x00000000c0000000, 0x00000000d3880000, 0x00000000eab00000)
  object space 320000K, 91% used [0x00000000c0000000,0x00000000d1d03c98,0x00000000d3880000)
 Metaspace       used 83655K, committed 84992K, reserved 1179648K
  class space    used 8723K, committed 9344K, reserved 1048576K
}
Event: 1729.293 GC heap before
{Heap before GC invocations=351 (full 15):
 PSYoungGen      total 2560K, used 2367K [0x00000000eab00000, 0x00000000eb200000, 0x0000000100000000)
  eden space 2048K, 100% used [0x00000000eab00000,0x00000000ead00000,0x00000000ead00000)
  from space 512K, 62% used [0x00000000eb100000,0x00000000eb14fc48,0x00000000eb180000)
  to   space 512K, 0% used [0x00000000eb180000,0x00000000eb180000,0x00000000eb200000)
 ParOldGen       total 320000K, used 291855K [0x00000000c0000000, 0x00000000d3880000, 0x00000000eab00000)
  object space 320000K, 91% used [0x00000000c0000000,0x00000000d1d03c98,0x00000000d3880000)
 Metaspace       used 83835K, committed 85184K, reserved 1179648K
  class space    used 8760K, committed 9344K, reserved 1048576K
}
Event: 1729.294 GC heap after
{Heap after GC invocations=351 (full 15):
 PSYoungGen      total 2560K, used 511K [0x00000000eab00000, 0x00000000eb200000, 0x0000000100000000)
  eden space 2048K, 0% used [0x00000000eab00000,0x00000000eab00000,0x00000000ead00000)
  from space 512K, 99% used [0x00000000eb180000,0x00000000eb1ffc58,0x00000000eb200000)
  to   space 1024K, 0% used [0x00000000eb000000,0x00000000eb000000,0x00000000eb100000)
 ParOldGen       total 320000K, used 291871K [0x00000000c0000000, 0x00000000d3880000, 0x00000000eab00000)
  object space 320000K, 91% used [0x00000000c0000000,0x00000000d1d07c98,0x00000000d3880000)
 Metaspace       used 83835K, committed 85184K, reserved 1179648K
  class space    used 8760K, committed 9344K, reserved 1048576K
}
Event: 1729.332 GC heap before
{Heap before GC invocations=352 (full 15):
 PSYoungGen      total 2560K, used 2559K [0x00000000eab00000, 0x00000000eb200000, 0x0000000100000000)
  eden space 2048K, 100% used [0x00000000eab00000,0x00000000ead00000,0x00000000ead00000)
  from space 512K, 99% used [0x00000000eb180000,0x00000000eb1ffc58,0x00000000eb200000)
  to   space 1024K, 0% used [0x00000000eb000000,0x00000000eb000000,0x00000000eb100000)
 ParOldGen       total 320000K, used 291871K [0x00000000c0000000, 0x00000000d3880000, 0x00000000eab00000)
  object space 320000K, 91% used [0x00000000c0000000,0x00000000d1d07c98,0x00000000d3880000)
 Metaspace       used 84177K, committed 85504K, reserved 1179648K
  class space    used 8801K, committed 9408K, reserved 1048576K
}
Event: 1729.333 GC heap after
{Heap after GC invocations=352 (full 15):
 PSYoungGen      total 3072K, used 480K [0x00000000eab00000, 0x00000000eb200000, 0x0000000100000000)
  eden space 2048K, 0% used [0x00000000eab00000,0x00000000eab00000,0x00000000ead00000)
  from space 1024K, 46% used [0x00000000eb000000,0x00000000eb078000,0x00000000eb100000)
  to   space 512K, 0% used [0x00000000eb180000,0x00000000eb180000,0x00000000eb200000)
 ParOldGen       total 320000K, used 291975K [0x00000000c0000000, 0x00000000d3880000, 0x00000000eab00000)
  object space 320000K, 91% used [0x00000000c0000000,0x00000000d1d21c98,0x00000000d3880000)
 Metaspace       used 84177K, committed 85504K, reserved 1179648K
  class space    used 8801K, committed 9408K, reserved 1048576K
}
Event: 1729.353 GC heap before
{Heap before GC invocations=353 (full 15):
 PSYoungGen      total 3072K, used 2528K [0x00000000eab00000, 0x00000000eb200000, 0x0000000100000000)
  eden space 2048K, 100% used [0x00000000eab00000,0x00000000ead00000,0x00000000ead00000)
  from space 1024K, 46% used [0x00000000eb000000,0x00000000eb078000,0x00000000eb100000)
  to   space 512K, 0% used [0x00000000eb180000,0x00000000eb180000,0x00000000eb200000)
 ParOldGen       total 320000K, used 291975K [0x00000000c0000000, 0x00000000d3880000, 0x00000000eab00000)
  object space 320000K, 91% used [0x00000000c0000000,0x00000000d1d21c98,0x00000000d3880000)
 Metaspace       used 84358K, committed 85696K, reserved 1179648K
  class space    used 8811K, committed 9408K, reserved 1048576K
}
Event: 1729.354 GC heap after
{Heap after GC invocations=353 (full 15):
 PSYoungGen      total 2560K, used 500K [0x00000000eab00000, 0x00000000eb200000, 0x0000000100000000)
  eden space 2048K, 0% used [0x00000000eab00000,0x00000000eab00000,0x00000000ead00000)
  from space 512K, 97% used [0x00000000eb180000,0x00000000eb1fd220,0x00000000eb200000)
  to   space 1024K, 0% used [0x00000000eb000000,0x00000000eb000000,0x00000000eb100000)
 ParOldGen       total 320000K, used 292155K [0x00000000c0000000, 0x00000000d3880000, 0x00000000eab00000)
  object space 320000K, 91% used [0x00000000c0000000,0x00000000d1d4ec88,0x00000000d3880000)
 Metaspace       used 84358K, committed 85696K, reserved 1179648K
  class space    used 8811K, committed 9408K, reserved 1048576K
}
Event: 1729.358 GC heap before
{Heap before GC invocations=354 (full 15):
 PSYoungGen      total 2560K, used 2548K [0x00000000eab00000, 0x00000000eb200000, 0x0000000100000000)
  eden space 2048K, 100% used [0x00000000eab00000,0x00000000ead00000,0x00000000ead00000)
  from space 512K, 97% used [0x00000000eb180000,0x00000000eb1fd220,0x00000000eb200000)
  to   space 1024K, 0% used [0x00000000eb000000,0x00000000eb000000,0x00000000eb100000)
 ParOldGen       total 320000K, used 292155K [0x00000000c0000000, 0x00000000d3880000, 0x00000000eab00000)
  object space 320000K, 91% used [0x00000000c0000000,0x00000000d1d4ec88,0x00000000d3880000)
 Metaspace       used 84358K, committed 85696K, reserved 1179648K
  class space    used 8811K, committed 9408K, reserved 1048576K
}
Event: 1729.359 GC heap after
{Heap after GC invocations=354 (full 15):
 PSYoungGen      total 3072K, used 724K [0x00000000eab00000, 0x00000000eb200000, 0x0000000100000000)
  eden space 2048K, 0% used [0x00000000eab00000,0x00000000eab00000,0x00000000ead00000)
  from space 1024K, 70% used [0x00000000eb000000,0x00000000eb0b5220,0x00000000eb100000)
  to   space 1024K, 0% used [0x00000000eb100000,0x00000000eb100000,0x00000000eb200000)
 ParOldGen       total 320000K, used 292315K [0x00000000c0000000, 0x00000000d3880000, 0x00000000eab00000)
  object space 320000K, 91% used [0x00000000c0000000,0x00000000d1d76f18,0x00000000d3880000)
 Metaspace       used 84358K, committed 85696K, reserved 1179648K
  class space    used 8811K, committed 9408K, reserved 1048576K
}
Event: 1730.068 GC heap before
{Heap before GC invocations=355 (full 15):
 PSYoungGen      total 3072K, used 2772K [0x00000000eab00000, 0x00000000eb200000, 0x0000000100000000)
  eden space 2048K, 100% used [0x00000000eab00000,0x00000000ead00000,0x00000000ead00000)
  from space 1024K, 70% used [0x00000000eb000000,0x00000000eb0b5220,0x00000000eb100000)
  to   space 1024K, 0% used [0x00000000eb100000,0x00000000eb100000,0x00000000eb200000)
 ParOldGen       total 320000K, used 292315K [0x00000000c0000000, 0x00000000d3880000, 0x00000000eab00000)
  object space 320000K, 91% used [0x00000000c0000000,0x00000000d1d76f18,0x00000000d3880000)
 Metaspace       used 84375K, committed 85696K, reserved 1179648K
  class space    used 8811K, committed 9408K, reserved 1048576K
}
Event: 1730.069 GC heap after
{Heap after GC invocations=355 (full 15):
 PSYoungGen      total 3072K, used 800K [0x00000000eab00000, 0x00000000eb200000, 0x0000000100000000)
  eden space 2048K, 0% used [0x00000000eab00000,0x00000000eab00000,0x00000000ead00000)
  from space 1024K, 78% used [0x00000000eb100000,0x00000000eb1c8000,0x00000000eb200000)
  to   space 1024K, 0% used [0x00000000eb000000,0x00000000eb000000,0x00000000eb100000)
 ParOldGen       total 320000K, used 292688K [0x00000000c0000000, 0x00000000d3880000, 0x00000000eab00000)
  object space 320000K, 91% used [0x00000000c0000000,0x00000000d1dd4148,0x00000000d3880000)
 Metaspace       used 84375K, committed 85696K, reserved 1179648K
  class space    used 8811K, committed 9408K, reserved 1048576K
}
Event: 1730.707 GC heap before
{Heap before GC invocations=356 (full 15):
 PSYoungGen      total 3072K, used 2848K [0x00000000eab00000, 0x00000000eb200000, 0x0000000100000000)
  eden space 2048K, 100% used [0x00000000eab00000,0x00000000ead00000,0x00000000ead00000)
  from space 1024K, 78% used [0x00000000eb100000,0x00000000eb1c8000,0x00000000eb200000)
  to   space 1024K, 0% used [0x00000000eb000000,0x00000000eb000000,0x00000000eb100000)
 ParOldGen       total 320000K, used 292688K [0x00000000c0000000, 0x00000000d3880000, 0x00000000eab00000)
  object space 320000K, 91% used [0x00000000c0000000,0x00000000d1dd4148,0x00000000d3880000)
 Metaspace       used 84405K, committed 85760K, reserved 1179648K
  class space    used 8812K, committed 9408K, reserved 1048576K
}
Event: 1730.708 GC heap after
{Heap after GC invocations=356 (full 15):
 PSYoungGen      total 3072K, used 832K [0x00000000eab00000, 0x00000000eb180000, 0x0000000100000000)
  eden space 2048K, 0% used [0x00000000eab00000,0x00000000eab00000,0x00000000ead00000)
  from space 1024K, 81% used [0x00000000eb000000,0x00000000eb0d0000,0x00000000eb100000)
  to   space 512K, 0% used [0x00000000eb100000,0x00000000eb100000,0x00000000eb180000)
 ParOldGen       total 320000K, used 292688K [0x00000000c0000000, 0x00000000d3880000, 0x00000000eab00000)
  object space 320000K, 91% used [0x00000000c0000000,0x00000000d1dd4148,0x00000000d3880000)
 Metaspace       used 84405K, committed 85760K, reserved 1179648K
  class space    used 8812K, committed 9408K, reserved 1048576K
}

Dll operation events (12 events):
Event: 0.046 Loaded shared library c:\Users\Julio\.vscode\extensions\redhat.java-1.35.0-win32-x64\jre\17.0.12-win32-x86_64\bin\java.dll
Event: 0.277 Loaded shared library c:\Users\Julio\.vscode\extensions\redhat.java-1.35.0-win32-x64\jre\17.0.12-win32-x86_64\bin\zip.dll
Event: 0.280 Loaded shared library C:\Users\Julio\.vscode\extensions\redhat.java-1.35.0-win32-x64\jre\17.0.12-win32-x86_64\bin\instrument.dll
Event: 0.300 Loaded shared library C:\Users\Julio\.vscode\extensions\redhat.java-1.35.0-win32-x64\jre\17.0.12-win32-x86_64\bin\net.dll
Event: 0.307 Loaded shared library C:\Users\Julio\.vscode\extensions\redhat.java-1.35.0-win32-x64\jre\17.0.12-win32-x86_64\bin\nio.dll
Event: 0.313 Loaded shared library C:\Users\Julio\.vscode\extensions\redhat.java-1.35.0-win32-x64\jre\17.0.12-win32-x86_64\bin\zip.dll
Event: 0.327 Loaded shared library C:\Users\Julio\.vscode\extensions\redhat.java-1.35.0-win32-x64\jre\17.0.12-win32-x86_64\bin\jimage.dll
Event: 0.381 Loaded shared library c:\Users\Julio\.vscode\extensions\redhat.java-1.35.0-win32-x64\jre\17.0.12-win32-x86_64\bin\verify.dll
Event: 3.699 Loaded shared library C:\Users\Julio\AppData\Roaming\Code\User\globalStorage\redhat.java\1.35.0\config_win\org.eclipse.equinox.launcher\org.eclipse.equinox.launcher.win32.win32.x86_64_1.2.1100.v20240722-2106\eclipse_11904.dll
Event: 8.408 Loaded shared library C:\Users\Julio\AppData\Local\Temp\jna-71933255\jna927063234715535194.dll
Event: 9.821 Loaded shared library C:\Users\Julio\.vscode\extensions\redhat.java-1.35.0-win32-x64\jre\17.0.12-win32-x86_64\bin\sunmscapi.dll
Event: 9.870 Loaded shared library C:\Users\Julio\.vscode\extensions\redhat.java-1.35.0-win32-x64\jre\17.0.12-win32-x86_64\bin\extnet.dll

Deoptimization events (20 events):
Event: 1729.259 Thread 0x00000265bc385b80 DEOPT PACKING pc=0x000002659f3b6640 sp=0x00000067a35fd830
Event: 1729.259 Thread 0x00000265bc385b80 DEOPT UNPACKING pc=0x000002659e4e66a3 sp=0x00000067a35fd7f0 mode 2
Event: 1729.260 Thread 0x00000265bc385b80 Uncommon trap: trap_request=0xffffff45 fr.pc=0x000002659eda4b70 relative=0x00000000000001d0
Event: 1729.260 Thread 0x00000265bc385b80 Uncommon trap: reason=unstable_if action=reinterpret pc=0x000002659eda4b70 method=java.util.regex.Pattern.RemoveQEQuoting()V @ 41 c2
Event: 1729.260 Thread 0x00000265bc385b80 DEOPT PACKING pc=0x000002659eda4b70 sp=0x00000067a35fdd40
Event: 1729.260 Thread 0x00000265bc385b80 DEOPT UNPACKING pc=0x000002659e4e66a3 sp=0x00000067a35fdca0 mode 2
Event: 1729.268 Thread 0x00000265bc385b80 DEOPT PACKING pc=0x00000265982d5a29 sp=0x00000067a35f6e10
Event: 1729.268 Thread 0x00000265bc385b80 DEOPT UNPACKING pc=0x000002659e4e6e43 sp=0x00000067a35f62d8 mode 0
Event: 1729.291 Thread 0x00000265bc385b80 DEOPT PACKING pc=0x00000265982d5a29 sp=0x00000067a35f83a0
Event: 1729.291 Thread 0x00000265bc385b80 DEOPT UNPACKING pc=0x000002659e4e6e43 sp=0x00000067a35f7868 mode 0
Event: 1729.322 Thread 0x00000265bc385b80 DEOPT PACKING pc=0x00000265982d5a29 sp=0x00000067a35fbbc0
Event: 1729.322 Thread 0x00000265bc385b80 DEOPT UNPACKING pc=0x000002659e4e6e43 sp=0x00000067a35fb088 mode 0
Event: 1729.327 Thread 0x00000265bc385b80 Uncommon trap: trap_request=0xffffff45 fr.pc=0x000002659eafafdc relative=0x00000000000001bc
Event: 1729.327 Thread 0x00000265bc385b80 Uncommon trap: reason=unstable_if action=reinterpret pc=0x000002659eafafdc method=java.util.regex.Matcher.search(I)Z @ 76 c2
Event: 1729.327 Thread 0x00000265bc385b80 DEOPT PACKING pc=0x000002659eafafdc sp=0x00000067a35fe200
Event: 1729.327 Thread 0x00000265bc385b80 DEOPT UNPACKING pc=0x000002659e4e66a3 sp=0x00000067a35fe180 mode 2
Event: 1730.096 Thread 0x00000265bc385b80 DEOPT PACKING pc=0x00000265988a0e00 sp=0x00000067a35fe070
Event: 1730.096 Thread 0x00000265bc385b80 DEOPT UNPACKING pc=0x000002659e4e6e43 sp=0x00000067a35fd530 mode 0
Event: 1730.397 Thread 0x00000265bc385b80 DEOPT PACKING pc=0x000002659889c663 sp=0x00000067a35fdf60
Event: 1730.397 Thread 0x00000265bc385b80 DEOPT UNPACKING pc=0x000002659e4e6e43 sp=0x00000067a35fd498 mode 0

Classes loaded (20 events):
Event: 314.543 Loading class java/util/stream/AbstractTask
Event: 314.543 Loading class java/util/stream/AbstractTask done
Event: 314.543 Loading class java/util/stream/Nodes$CollectorTask done
Event: 314.543 Loading class java/util/stream/Nodes$CollectorTask$OfRef done
Event: 314.543 Loading class java/util/function/LongFunction
Event: 314.543 Loading class java/util/function/LongFunction done
Event: 314.543 Loading class java/util/stream/Nodes$ConcNode
Event: 314.543 Loading class java/util/stream/Nodes$AbstractConcNode
Event: 314.543 Loading class java/util/stream/Nodes$AbstractConcNode done
Event: 314.543 Loading class java/util/stream/Nodes$ConcNode done
Event: 314.551 Loading class java/io/ObjectOutputStream$BlockDataOutputStream
Event: 314.551 Loading class java/io/ObjectOutputStream$BlockDataOutputStream done
Event: 314.551 Loading class java/io/ObjectOutputStream$HandleTable
Event: 314.551 Loading class java/io/ObjectOutputStream$HandleTable done
Event: 314.551 Loading class java/io/ObjectOutputStream$ReplaceTable
Event: 314.551 Loading class java/io/ObjectOutputStream$ReplaceTable done
Event: 1729.281 Loading class java/io/CharArrayReader
Event: 1729.282 Loading class java/io/CharArrayReader done
Event: 1729.282 Loading class java/util/regex/Pattern$Bound
Event: 1729.282 Loading class java/util/regex/Pattern$Bound done

Classes unloaded (18 events):
Event: 9.204 Thread 0x0000026594377860 Unloading class 0x0000000100258000 'java/lang/invoke/LambdaForm$MH+0x0000000100258000'
Event: 9.204 Thread 0x0000026594377860 Unloading class 0x0000000100257c00 'java/lang/invoke/LambdaForm$MH+0x0000000100257c00'
Event: 9.204 Thread 0x0000026594377860 Unloading class 0x0000000100257800 'java/lang/invoke/LambdaForm$MH+0x0000000100257800'
Event: 9.204 Thread 0x0000026594377860 Unloading class 0x0000000100257400 'java/lang/invoke/LambdaForm$MH+0x0000000100257400'
Event: 9.204 Thread 0x0000026594377860 Unloading class 0x0000000100257000 'java/lang/invoke/LambdaForm$BMH+0x0000000100257000'
Event: 9.204 Thread 0x0000026594377860 Unloading class 0x0000000100256c00 'java/lang/invoke/LambdaForm$DMH+0x0000000100256c00'
Event: 9.204 Thread 0x0000026594377860 Unloading class 0x0000000100254400 'java/lang/invoke/LambdaForm$DMH+0x0000000100254400'
Event: 13.968 Thread 0x0000026594377860 Unloading class 0x00000001006b3c00 'jdk/internal/reflect/GeneratedSerializationConstructorAccessor31'
Event: 13.968 Thread 0x0000026594377860 Unloading class 0x00000001006b3000 'jdk/internal/reflect/GeneratedSerializationConstructorAccessor28'
Event: 13.968 Thread 0x0000026594377860 Unloading class 0x00000001006b2c00 'jdk/internal/reflect/GeneratedSerializationConstructorAccessor27'
Event: 13.968 Thread 0x0000026594377860 Unloading class 0x00000001006b2400 'jdk/internal/reflect/GeneratedSerializationConstructorAccessor25'
Event: 16.777 Thread 0x0000026594377860 Unloading class 0x0000000100721c00 'java/lang/invoke/LambdaForm$MH+0x0000000100721c00'
Event: 16.777 Thread 0x0000026594377860 Unloading class 0x0000000100721800 'java/lang/invoke/LambdaForm$MH+0x0000000100721800'
Event: 16.777 Thread 0x0000026594377860 Unloading class 0x0000000100721000 'java/lang/invoke/LambdaForm$DMH+0x0000000100721000'
Event: 16.777 Thread 0x0000026594377860 Unloading class 0x0000000100720c00 'java/lang/invoke/LambdaForm$DMH+0x0000000100720c00'
Event: 16.777 Thread 0x0000026594377860 Unloading class 0x0000000100720800 'java/lang/invoke/LambdaForm$DMH+0x0000000100720800'
Event: 16.777 Thread 0x0000026594377860 Unloading class 0x0000000100720400 'java/lang/invoke/LambdaForm$DMH+0x0000000100720400'
Event: 20.879 Thread 0x0000026594377860 Unloading class 0x0000000100835c00 'java/lang/invoke/LambdaForm$DMH+0x0000000100835c00'

Classes redefined (0 events):
No events

Internal exceptions (20 events):
Event: 30.395 Thread 0x00000265af570f30 Exception <a 'sun/nio/fs/WindowsException'{0x00000000eb2d6448}> (0x00000000eb2d6448) 
thrown [s\src\hotspot\share\prims\jni.cpp, line 516]
Event: 30.428 Thread 0x00000265af570f30 Exception <a 'sun/nio/fs/WindowsException'{0x00000000eb262530}> (0x00000000eb262530) 
thrown [s\src\hotspot\share\prims\jni.cpp, line 516]
Event: 30.437 Thread 0x00000265af570f30 Exception <a 'sun/nio/fs/WindowsException'{0x00000000eb2da210}> (0x00000000eb2da210) 
thrown [s\src\hotspot\share\prims\jni.cpp, line 516]
Event: 30.445 Thread 0x00000265af570f30 Exception <a 'sun/nio/fs/WindowsException'{0x00000000eb3011c8}> (0x00000000eb3011c8) 
thrown [s\src\hotspot\share\prims\jni.cpp, line 516]
Event: 30.484 Thread 0x00000265af570f30 Exception <a 'sun/nio/fs/WindowsException'{0x00000000eab3b9d8}> (0x00000000eab3b9d8) 
thrown [s\src\hotspot\share\prims\jni.cpp, line 516]
Event: 30.497 Thread 0x00000265af570f30 Exception <a 'sun/nio/fs/WindowsException'{0x00000000eabcb0e0}> (0x00000000eabcb0e0) 
thrown [s\src\hotspot\share\prims\jni.cpp, line 516]
Event: 30.556 Thread 0x00000265af570f30 Exception <a 'sun/nio/fs/WindowsException'{0x00000000eb34de60}> (0x00000000eb34de60) 
thrown [s\src\hotspot\share\prims\jni.cpp, line 516]
Event: 30.587 Thread 0x00000265af570f30 Exception <a 'sun/nio/fs/WindowsException'{0x00000000eb196998}> (0x00000000eb196998) 
thrown [s\src\hotspot\share\prims\jni.cpp, line 516]
Event: 30.595 Thread 0x00000265af570f30 Exception <a 'sun/nio/fs/WindowsException'{0x00000000eb1a3760}> (0x00000000eb1a3760) 
thrown [s\src\hotspot\share\prims\jni.cpp, line 516]
Event: 30.602 Thread 0x00000265af570f30 Exception <a 'sun/nio/fs/WindowsException'{0x00000000eb1b0468}> (0x00000000eb1b0468) 
thrown [s\src\hotspot\share\prims\jni.cpp, line 516]
Event: 30.609 Thread 0x00000265af570f30 Exception <a 'sun/nio/fs/WindowsException'{0x00000000eb1d9440}> (0x00000000eb1d9440) 
thrown [s\src\hotspot\share\prims\jni.cpp, line 516]
Event: 30.793 Thread 0x00000265b24da920 Implicit null exception at 0x000002659f3717d8 to 0x000002659f3734cc
Event: 30.908 Thread 0x00000265b24da920 Exception <a 'sun/nio/fs/WindowsException'{0x00000000eab10650}> (0x00000000eab10650) 
thrown [s\src\hotspot\share\prims\jni.cpp, line 516]
Event: 31.091 Thread 0x00000265af2d7da0 Implicit null exception at 0x000002659f1f5563 to 0x000002659f1f60d0
Event: 314.564 Thread 0x00000265af56af00 Exception <a 'java/lang/NoSuchMethodError'{0x00000000eab56698}: static [J.<clinit>()V> (0x00000000eab56698) 
thrown [s\src\hotspot\share\prims\jni.cpp, line 1112]
Event: 314.568 Thread 0x00000265af56af00 Exception <a 'java/lang/NoSuchMethodError'{0x00000000eab92858}: 'java.lang.Object java.lang.invoke.DirectMethodHandle$Holder.newInvokeSpecial(java.lang.Object, java.lang.Object, java.lang.Object, java.lang.Object, java.lang.Object, java.lang.Object, java.lang.Object, java.lang.Object)'> (0x00000000eab92858) 
thrown [s\src\hotspot\share\interpreter\linkResolver.cpp, line 759]
Event: 314.568 Thread 0x00000265af56af00 Exception <a 'java/lang/NoSuchMethodError'{0x00000000eab97718}: 'java.lang.Object java.lang.invoke.Invokers$Holder.linkToTargetMethod(java.lang.Object, java.lang.Object, java.lang.Object, java.lang.Object, java.lang.Object, java.lang.Object, java.lang.Object, java.lang.Object)'> (0x00000000eab97718) 
thrown [s\src\hotspot\share\interpreter\linkResolver.cpp, line 759]
Event: 1729.324 Thread 0x00000265bc385b80 Exception <a 'java/lang/ClassNotFoundException'{0x00000000eac8e4e8}: sun/net/www/protocol/jdt/Handler> (0x00000000eac8e4e8) 
thrown [s\src\hotspot\share\classfile\systemDictionary.cpp, line 256]
Event: 1729.324 Thread 0x00000265bc385b80 Exception <a 'java/lang/ClassNotFoundException'{0x00000000eac90ae0}: sun/net/www/protocol/jdt/Handler> (0x00000000eac90ae0) 
thrown [s\src\hotspot\share\classfile\systemDictionary.cpp, line 256]
Event: 1729.324 Thread 0x00000265bc385b80 Exception <a 'java/lang/ClassNotFoundException'{0x00000000eac93150}: sun/net/www/protocol/jdt/Handler> (0x00000000eac93150) 
thrown [s\src\hotspot\share\classfile\systemDictionary.cpp, line 256]

VM Operations (20 events):
Event: 1729.293 Executing VM operation: ParallelGCFailedAllocation
Event: 1729.294 Executing VM operation: ParallelGCFailedAllocation done
Event: 1729.319 Executing VM operation: HandshakeAllThreads
Event: 1729.319 Executing VM operation: HandshakeAllThreads done
Event: 1729.319 Executing VM operation: HandshakeAllThreads
Event: 1729.319 Executing VM operation: HandshakeAllThreads done
Event: 1729.327 Executing VM operation: HandshakeAllThreads
Event: 1729.327 Executing VM operation: HandshakeAllThreads done
Event: 1729.332 Executing VM operation: ParallelGCFailedAllocation
Event: 1729.333 Executing VM operation: ParallelGCFailedAllocation done
Event: 1729.343 Executing VM operation: HandshakeAllThreads
Event: 1729.343 Executing VM operation: HandshakeAllThreads done
Event: 1729.352 Executing VM operation: ParallelGCFailedAllocation
Event: 1729.354 Executing VM operation: ParallelGCFailedAllocation done
Event: 1729.358 Executing VM operation: ParallelGCFailedAllocation
Event: 1729.359 Executing VM operation: ParallelGCFailedAllocation done
Event: 1730.068 Executing VM operation: ParallelGCFailedAllocation
Event: 1730.069 Executing VM operation: ParallelGCFailedAllocation done
Event: 1730.707 Executing VM operation: ParallelGCFailedAllocation
Event: 1730.708 Executing VM operation: ParallelGCFailedAllocation done

Events (20 events):
Event: 1729.363 Thread 0x00000265ad2d8f70 flushing nmethod 0x00000265985cc510
Event: 1729.363 Thread 0x00000265ad2d8f70 flushing nmethod 0x00000265985d0f10
Event: 1729.363 Thread 0x00000265ad2d8f70 flushing nmethod 0x00000265985f2b10
Event: 1729.363 Thread 0x00000265ad2d8f70 flushing nmethod 0x0000026598628890
Event: 1729.364 Thread 0x00000265ad2d8f70 flushing nmethod 0x0000026598661f90
Event: 1729.364 Thread 0x00000265ad2d8f70 flushing nmethod 0x000002659866ee10
Event: 1729.364 Thread 0x00000265ad2d8f70 flushing nmethod 0x0000026598670510
Event: 1729.364 Thread 0x00000265ad2d8f70 flushing nmethod 0x0000026598679b90
Event: 1729.364 Thread 0x00000265ad2d8f70 flushing nmethod 0x0000026598690e90
Event: 1729.364 Thread 0x00000265ad2d8f70 flushing nmethod 0x0000026598692310
Event: 1729.364 Thread 0x00000265ad2d8f70 flushing nmethod 0x00000265986a8a90
Event: 1729.364 Thread 0x00000265ad2d8f70 flushing nmethod 0x00000265986b1410
Event: 1729.364 Thread 0x00000265ad2d8f70 flushing nmethod 0x00000265986c6d10
Event: 1729.364 Thread 0x00000265ad2d8f70 flushing nmethod 0x000002659870ea90
Event: 1729.364 Thread 0x00000265ad2d8f70 flushing nmethod 0x0000026598710b90
Event: 1729.365 Thread 0x00000265ad2d8f70 flushing nmethod 0x00000265987e9390
Event: 1729.365 Thread 0x00000265ad2d8f70 flushing nmethod 0x00000265987f5d90
Event: 1730.066 Thread 0x00000265b1137060 Thread exited: 0x00000265b1137060
Event: 1730.398 Thread 0x00000265b113ea90 Thread exited: 0x00000265b113ea90
Event: 1731.010 Thread 0x00000265b113ea90 Thread added: 0x00000265b113ea90


Dynamic libraries:
0x00007ff6c2db0000 - 0x00007ff6c2dbe000 	c:\Users\Julio\.vscode\extensions\redhat.java-1.35.0-win32-x64\jre\17.0.12-win32-x86_64\bin\java.exe
0x00007ff94f090000 - 0x00007ff94f2a7000 	C:\WINDOWS\SYSTEM32\ntdll.dll
0x00007ff94d8e0000 - 0x00007ff94d9a4000 	C:\WINDOWS\System32\KERNEL32.DLL
0x00007ff94c420000 - 0x00007ff94c7cd000 	C:\WINDOWS\System32\KERNELBASE.dll
0x00007ff94cbf0000 - 0x00007ff94cd01000 	C:\WINDOWS\System32\ucrtbase.dll
0x00007ff8eae10000 - 0x00007ff8eae2b000 	c:\Users\Julio\.vscode\extensions\redhat.java-1.35.0-win32-x64\jre\17.0.12-win32-x86_64\bin\VCRUNTIME140.dll
0x00007ff8eb8e0000 - 0x00007ff8eb8f7000 	c:\Users\Julio\.vscode\extensions\redhat.java-1.35.0-win32-x64\jre\17.0.12-win32-x86_64\bin\jli.dll
0x00007ff94d380000 - 0x00007ff94d52e000 	C:\WINDOWS\System32\USER32.dll
0x00007ff938f60000 - 0x00007ff9391f3000 	C:\WINDOWS\WinSxS\amd64_microsoft.windows.common-controls_6595b64144ccf1df_6.0.22621.3672_none_2713b9d173822955\COMCTL32.dll
0x00007ff94cbc0000 - 0x00007ff94cbe6000 	C:\WINDOWS\System32\win32u.dll
0x00007ff94eae0000 - 0x00007ff94eb09000 	C:\WINDOWS\System32\GDI32.dll
0x00007ff94ec10000 - 0x00007ff94ecb7000 	C:\WINDOWS\System32\msvcrt.dll
0x00007ff94caa0000 - 0x00007ff94cbb9000 	C:\WINDOWS\System32\gdi32full.dll
0x00007ff94c7d0000 - 0x00007ff94c86a000 	C:\WINDOWS\System32\msvcp_win.dll
0x00007ff94cfa0000 - 0x00007ff94cfd1000 	C:\WINDOWS\System32\IMM32.DLL
0x00007ff931ab0000 - 0x00007ff931abc000 	c:\Users\Julio\.vscode\extensions\redhat.java-1.35.0-win32-x64\jre\17.0.12-win32-x86_64\bin\vcruntime140_1.dll
0x00007ff8aa800000 - 0x00007ff8aa88d000 	c:\Users\Julio\.vscode\extensions\redhat.java-1.35.0-win32-x64\jre\17.0.12-win32-x86_64\bin\msvcp140.dll
0x00007ff8a9850000 - 0x00007ff8aa4ba000 	c:\Users\Julio\.vscode\extensions\redhat.java-1.35.0-win32-x64\jre\17.0.12-win32-x86_64\bin\server\jvm.dll
0x00007ff94d820000 - 0x00007ff94d8d2000 	C:\WINDOWS\System32\ADVAPI32.dll
0x00007ff94cdd0000 - 0x00007ff94ce79000 	C:\WINDOWS\System32\sechost.dll
0x00007ff94cd90000 - 0x00007ff94cdb8000 	C:\WINDOWS\System32\bcrypt.dll
0x00007ff94ce80000 - 0x00007ff94cf94000 	C:\WINDOWS\System32\RPCRT4.dll
0x00007ff94ee20000 - 0x00007ff94ee91000 	C:\WINDOWS\System32\WS2_32.dll
0x00007ff94c020000 - 0x00007ff94c06d000 	C:\WINDOWS\SYSTEM32\POWRPROF.dll
0x00007ff946640000 - 0x00007ff94664a000 	C:\WINDOWS\SYSTEM32\VERSION.dll
0x00007ff942db0000 - 0x00007ff942de4000 	C:\WINDOWS\SYSTEM32\WINMM.dll
0x00007ff94be00000 - 0x00007ff94be13000 	C:\WINDOWS\SYSTEM32\UMPDC.dll
0x00007ff94b360000 - 0x00007ff94b378000 	C:\WINDOWS\SYSTEM32\kernel.appcore.dll
0x00007ff9306f0000 - 0x00007ff9306fa000 	c:\Users\Julio\.vscode\extensions\redhat.java-1.35.0-win32-x64\jre\17.0.12-win32-x86_64\bin\jimage.dll
0x00007ff9422f0000 - 0x00007ff942522000 	C:\WINDOWS\SYSTEM32\DBGHELP.DLL
0x00007ff94da10000 - 0x00007ff94dd9e000 	C:\WINDOWS\System32\combase.dll
0x00007ff94d690000 - 0x00007ff94d767000 	C:\WINDOWS\System32\OLEAUT32.dll
0x00007ff93a980000 - 0x00007ff93a9b2000 	C:\WINDOWS\SYSTEM32\dbgcore.DLL
0x00007ff94cd10000 - 0x00007ff94cd8b000 	C:\WINDOWS\System32\bcryptPrimitives.dll
0x00007ff92eef0000 - 0x00007ff92eefe000 	c:\Users\Julio\.vscode\extensions\redhat.java-1.35.0-win32-x64\jre\17.0.12-win32-x86_64\bin\instrument.dll
0x00007ff8b84a0000 - 0x00007ff8b84c5000 	c:\Users\Julio\.vscode\extensions\redhat.java-1.35.0-win32-x64\jre\17.0.12-win32-x86_64\bin\java.dll
0x00007ff8e2700000 - 0x00007ff8e2718000 	c:\Users\Julio\.vscode\extensions\redhat.java-1.35.0-win32-x64\jre\17.0.12-win32-x86_64\bin\zip.dll
0x00007ff94dda0000 - 0x00007ff94e607000 	C:\WINDOWS\System32\SHELL32.dll
0x00007ff94a330000 - 0x00007ff94ac2f000 	C:\WINDOWS\SYSTEM32\windows.storage.dll
0x00007ff94a1f0000 - 0x00007ff94a32f000 	C:\WINDOWS\SYSTEM32\wintypes.dll
0x00007ff94d590000 - 0x00007ff94d689000 	C:\WINDOWS\System32\SHCORE.dll
0x00007ff94d250000 - 0x00007ff94d2ae000 	C:\WINDOWS\System32\shlwapi.dll
0x00007ff94c2e0000 - 0x00007ff94c307000 	C:\WINDOWS\SYSTEM32\profapi.dll
0x00007ff8bc190000 - 0x00007ff8bc1a9000 	C:\Users\Julio\.vscode\extensions\redhat.java-1.35.0-win32-x64\jre\17.0.12-win32-x86_64\bin\net.dll
0x00007ff948ff0000 - 0x00007ff949126000 	C:\WINDOWS\SYSTEM32\WINHTTP.dll
0x00007ff94b870000 - 0x00007ff94b8d9000 	C:\WINDOWS\system32\mswsock.dll
0x00007ff8bde40000 - 0x00007ff8bde56000 	C:\Users\Julio\.vscode\extensions\redhat.java-1.35.0-win32-x64\jre\17.0.12-win32-x86_64\bin\nio.dll
0x00007ff92c220000 - 0x00007ff92c230000 	c:\Users\Julio\.vscode\extensions\redhat.java-1.35.0-win32-x64\jre\17.0.12-win32-x86_64\bin\verify.dll
0x00007ff93b280000 - 0x00007ff93b2c5000 	C:\Users\Julio\AppData\Roaming\Code\User\globalStorage\redhat.java\1.35.0\config_win\org.eclipse.equinox.launcher\org.eclipse.equinox.launcher.win32.win32.x86_64_1.2.1100.v20240722-2106\eclipse_11904.dll
0x00007ff94eea0000 - 0x00007ff94f045000 	C:\WINDOWS\System32\ole32.dll
0x00007ff94bad0000 - 0x00007ff94baeb000 	C:\WINDOWS\SYSTEM32\CRYPTSP.dll
0x00007ff94b380000 - 0x00007ff94b3b5000 	C:\WINDOWS\system32\rsaenh.dll
0x00007ff94b960000 - 0x00007ff94b988000 	C:\WINDOWS\SYSTEM32\USERENV.dll
0x00007ff94bac0000 - 0x00007ff94bacc000 	C:\WINDOWS\SYSTEM32\CRYPTBASE.dll
0x00007ff94ae90000 - 0x00007ff94aebd000 	C:\WINDOWS\SYSTEM32\IPHLPAPI.DLL
0x00007ff94e610000 - 0x00007ff94e619000 	C:\WINDOWS\System32\NSI.dll
0x00007ff948f30000 - 0x00007ff948f49000 	C:\WINDOWS\SYSTEM32\dhcpcsvc6.DLL
0x00007ff948e20000 - 0x00007ff948e3f000 	C:\WINDOWS\SYSTEM32\dhcpcsvc.DLL
0x00007ff94af00000 - 0x00007ff94aff8000 	C:\WINDOWS\SYSTEM32\DNSAPI.dll
0x00007ff8b8580000 - 0x00007ff8b85c9000 	C:\Users\Julio\AppData\Local\Temp\jna-71933255\jna927063234715535194.dll
0x00007ff94d230000 - 0x00007ff94d238000 	C:\WINDOWS\System32\PSAPI.DLL
0x00007ff92b650000 - 0x00007ff92b65e000 	C:\Users\Julio\.vscode\extensions\redhat.java-1.35.0-win32-x64\jre\17.0.12-win32-x86_64\bin\sunmscapi.dll
0x00007ff94c930000 - 0x00007ff94ca96000 	C:\WINDOWS\System32\CRYPT32.dll
0x00007ff94bcd0000 - 0x00007ff94bcfe000 	C:\WINDOWS\SYSTEM32\ncrypt.dll
0x00007ff94bc90000 - 0x00007ff94bcc7000 	C:\WINDOWS\SYSTEM32\NTASN1.dll
0x00007ff940ec0000 - 0x00007ff940eca000 	C:\Windows\System32\rasadhlp.dll
0x00007ff946e90000 - 0x00007ff946f13000 	C:\WINDOWS\System32\fwpuclnt.dll
0x00007ff92b5a0000 - 0x00007ff92b5a9000 	C:\Users\Julio\.vscode\extensions\redhat.java-1.35.0-win32-x64\jre\17.0.12-win32-x86_64\bin\extnet.dll
0x00007ff94b510000 - 0x00007ff94b544000 	C:\WINDOWS\SYSTEM32\ntmarta.dll

dbghelp: loaded successfully - version: 4.0.5 - missing functions: none
symbol engine: initialized successfully - sym options: 0x614 - pdb path: .;c:\Users\Julio\.vscode\extensions\redhat.java-1.35.0-win32-x64\jre\17.0.12-win32-x86_64\bin;C:\WINDOWS\SYSTEM32;C:\WINDOWS\WinSxS\amd64_microsoft.windows.common-controls_6595b64144ccf1df_6.0.22621.3672_none_2713b9d173822955;c:\Users\Julio\.vscode\extensions\redhat.java-1.35.0-win32-x64\jre\17.0.12-win32-x86_64\bin\server;C:\Users\Julio\AppData\Roaming\Code\User\globalStorage\redhat.java\1.35.0\config_win\org.eclipse.equinox.launcher\org.eclipse.equinox.launcher.win32.win32.x86_64_1.2.1100.v20240722-2106;C:\Users\Julio\AppData\Local\Temp\jna-71933255

VM Arguments:
jvm_args: --add-modules=ALL-SYSTEM --add-opens=java.base/java.util=ALL-UNNAMED --add-opens=java.base/java.lang=ALL-UNNAMED --add-opens=java.base/sun.nio.fs=ALL-UNNAMED -Declipse.application=org.eclipse.jdt.ls.core.id1 -Dosgi.bundles.defaultStartLevel=4 -Declipse.product=org.eclipse.jdt.ls.core.product -Djava.import.generatesMetadataFilesAtProjectRoot=false -DDetectVMInstallationsJob.disabled=true -Dfile.encoding=utf8 -XX:+UseParallelGC -XX:GCTimeRatio=4 -XX:AdaptiveSizePolicyWeight=90 -Dsun.zip.disableMemoryMapping=true -Xmx1G -Xms100m -Xlog:disable -javaagent:c:\Users\Julio\.vscode\extensions\redhat.java-1.35.0-win32-x64\lombok\lombok-1.18.33.jar -XX:+HeapDumpOnOutOfMemoryError -XX:HeapDumpPath=c:\Users\Julio\AppData\Roaming\Code\User\workspaceStorage\d820ae659b13094116ff200bdf90c621\redhat.java -Daether.dependencyCollector.impl=bf 
java_command: c:\Users\Julio\.vscode\extensions\redhat.java-1.35.0-win32-x64\server\plugins\org.eclipse.equinox.launcher_1.6.900.v20240613-2009.jar -configuration c:\Users\Julio\AppData\Roaming\Code\User\globalStorage\redhat.java\1.35.0\config_win -data c:\Users\Julio\AppData\Roaming\Code\User\workspaceStorage\d820ae659b13094116ff200bdf90c621\redhat.java\jdt_ws --pipe=\\.\pipe\lsp-b3cdbfb7acc6d2f0ce7cab541540823c-sock
java_class_path (initial): c:\Users\Julio\.vscode\extensions\redhat.java-1.35.0-win32-x64\server\plugins\org.eclipse.equinox.launcher_1.6.900.v20240613-2009.jar
Launcher Type: SUN_STANDARD

[Global flags]
    uintx AdaptiveSizePolicyWeight                 = 90                                        {product} {command line}
     intx CICompilerCount                          = 4                                         {product} {ergonomic}
    uintx GCTimeRatio                              = 4                                         {product} {command line}
     bool HeapDumpOnOutOfMemoryError               = true                                   {manageable} {command line}
    ccstr HeapDumpPath                             = c:\Users\Julio\AppData\Roaming\Code\User\workspaceStorage\d820ae659b13094116ff200bdf90c621\redhat.java         {manageable} {command line}
   size_t InitialHeapSize                          = 104857600                                 {product} {command line}
   size_t MaxHeapSize                              = 1073741824                                {product} {command line}
   size_t MaxNewSize                               = 357564416                                 {product} {ergonomic}
   size_t MinHeapDeltaBytes                        = 524288                                    {product} {ergonomic}
   size_t MinHeapSize                              = 104857600                                 {product} {command line}
   size_t NewSize                                  = 34603008                                  {product} {ergonomic}
    uintx NonNMethodCodeHeapSize                   = 5839372                                {pd product} {ergonomic}
    uintx NonProfiledCodeHeapSize                  = 122909434                              {pd product} {ergonomic}
   size_t OldSize                                  = 70254592                                  {product} {ergonomic}
    uintx ProfiledCodeHeapSize                     = 122909434                              {pd product} {ergonomic}
    uintx ReservedCodeCacheSize                    = 251658240                              {pd product} {ergonomic}
     bool SegmentedCodeCache                       = true                                      {product} {ergonomic}
   size_t SoftMaxHeapSize                          = 1073741824                             {manageable} {ergonomic}
     bool UseCompressedClassPointers               = true                           {product lp64_product} {ergonomic}
     bool UseCompressedOops                        = true                           {product lp64_product} {ergonomic}
     bool UseLargePagesIndividualAllocation        = false                                  {pd product} {ergonomic}
     bool UseParallelGC                            = true                                      {product} {command line}

Logging:
Log output configuration:
 #0: stdout all=off uptime,level,tags
 #1: stderr all=off uptime,level,tags

Environment Variables:
JAVA_HOME=C:\Program Files\Java\jdk-22
PATH=C:\WINDOWS\system32;C:\WINDOWS;C:\WINDOWS\System32\Wbem;C:\WINDOWS\System32\WindowsPowerShell\v1.0\;C:\WINDOWS\System32\OpenSSH\;C:\Program Files\NVIDIA Corporation\NVIDIA NvDLISR;C:\Program Files (x86)\NVIDIA Corporation\PhysX\Common;C:\Program Files\dotnet\;C:\Program Files\Git\cmd;C:\Users\Julio\AppData\Local\Microsoft\WindowsApps;C:\Users\Julio\AppData\Local\Programs\Microsoft VS Code\bin;D:\Users\Julio\Desktop\JAVA\1. Utilidad\apache-maven-3.9.8\bin;C:\Program Files\Java\jdk-22\bin;
USERNAME=Julio
OS=Windows_NT
PROCESSOR_IDENTIFIER=AMD64 Family 23 Model 113 Stepping 0, AuthenticAMD
TMP=C:\Users\Julio\AppData\Local\Temp
TEMP=C:\Users\Julio\AppData\Local\Temp



Periodic native trim disabled


---------------  S Y S T E M  ---------------

OS:
 Windows 11 , 64 bit Build 22621 (10.0.22621.3958)
OS uptime: 0 days 1:33 hours

CPU: total 12 (initial active 12) (12 cores per cpu, 2 threads per core) family 23 model 113 stepping 0 microcode 0x0, cx8, cmov, fxsr, ht, mmx, 3dnowpref, sse, sse2, sse3, ssse3, sse4a, sse4.1, sse4.2, popcnt, lzcnt, tsc, tscinvbit, avx, avx2, aes, clmul, bmi1, bmi2, adx, sha, fma, vzeroupper, clflush, clflushopt
Processor Information for all 12 processors :
  Max Mhz: 3600, Current Mhz: 3574, Mhz Limit: 3600

Memory: 4k page, system-wide physical 16293M (8584M free)
TotalPageFile size 19493M (AvailPageFile size 8186M)
current process WorkingSet (physical memory assigned to process): 714M, peak: 887M
current process commit charge ("private bytes"): 632M, peak: 835M

vm_info: OpenJDK 64-Bit Server VM (17.0.12+7) for windows-amd64 JRE (17.0.12+7), built on Jul 16 2024 22:08:24 by "admin" with MS VC++ 16.10 / 16.11 (VS2019)

END.
